2022/07/23 21:29:15 [DEBUG] DEBUG getEntries ro>offset:[{EntryNormal 1 1 [] {} [] 0}]
2022/07/23 21:29:15 [DEBUG] DEBUG getEntries: offset==1 lastIndex==1
2022/07/23 21:29:15 [DEBUG] MsgAppend Next & lastIndex:1 1
2022/07/23 21:29:15 	[DEBUG] Append Entries Msg:{MsgAppend 2 1 1 0 0 [term:1 index:1 ] 0 <nil> false {} [] 0}
2022/07/23 21:29:15 [DEBUG] DEBUG getEntries ro>offset:[{EntryNormal 1 1 [] {} [] 0}]
2022/07/23 21:29:15 [DEBUG] DEBUG getEntries: offset==1 lastIndex==1
2022/07/23 21:29:15 [DEBUG] MsgAppend Next & lastIndex:1 1
2022/07/23 21:29:15 	[DEBUG] Append Entries Msg:{MsgAppend 3 1 1 0 0 [term:1 index:1 ] 0 <nil> false {} [] 0}
2022/07/23 21:29:15 [DEBUG] in BecomeLeader lastIndex:0
2022/07/23 21:29:15 	[DEBUG] Leader Entries:{EntryNormal 1 1 [] {} [] 0}
2022/07/23 21:29:15 [DEBUG] DEBUG getEntries ro>offset:[{EntryNormal 1 1 [] {} [] 0}]
2022/07/23 21:29:15 [DEBUG] DEBUG getEntries: offset==1 lastIndex==1
2022/07/23 21:29:15 [DEBUG] MsgAppend Next & lastIndex:1 1
2022/07/23 21:29:15 	[DEBUG] Append Entries Msg:{MsgAppend 2 1 1 0 0 [term:1 index:1 ] 0 <nil> false {} [] 0}
2022/07/23 21:29:15 [DEBUG] DEBUG getEntries ro>offset:[{EntryNormal 1 1 [] {} [] 0}]
2022/07/23 21:29:15 [DEBUG] DEBUG getEntries: offset==1 lastIndex==1
2022/07/23 21:29:15 [DEBUG] MsgAppend Next & lastIndex:1 1
2022/07/23 21:29:15 	[DEBUG] Append Entries Msg:{MsgAppend 3 1 1 0 0 [term:1 index:1 ] 0 <nil> false {} [] 0}
2022/07/23 21:29:15 {MsgAppend 2 1 1 0 0 [term:1 index:1 ] 0 <nil> false {} [] 0} end
2022/07/23 21:29:15 {MsgAppendResponse 1 2 1 0 1 [] 0 <nil> false {} [] 0} endl
2022/07/23 21:29:15 [DEBUG] INTO Step1 Phase. message: {MsgAppendResponse 1 2 1 0 1 [] 0 <nil> false {} [] 0}
2022/07/23 21:29:15 [DEBUG] INTO 2 Phase.
2022/07/23 21:29:15 [DEBUG] MsgAppend Next & lastIndex:2 1
2022/07/23 21:29:15 	[DEBUG] Append Entries Msg:{MsgAppend 2 1 1 1 1 [] 1 <nil> false {} [] 0}
2022/07/23 21:29:15 [DEBUG] DEBUG getEntries ro>offset:[{EntryNormal 1 1 [] {} [] 0}]
2022/07/23 21:29:15 [DEBUG] DEBUG getEntries: offset==1 lastIndex==1
2022/07/23 21:29:15 [DEBUG] MsgAppend Next & lastIndex:1 1
2022/07/23 21:29:15 	[DEBUG] Append Entries Msg:{MsgAppend 3 1 1 0 0 [term:1 index:1 ] 1 <nil> false {} [] 0}
2022/07/23 21:29:15 {MsgAppend 3 1 1 0 0 [term:1 index:1 ] 0 <nil> false {} [] 0} end
2022/07/23 21:29:15 {MsgAppendResponse 1 3 1 0 1 [] 0 <nil> false {} [] 0} endl
2022/07/23 21:29:15 [DEBUG] INTO Step1 Phase. message: {MsgAppendResponse 1 3 1 0 1 [] 0 <nil> false {} [] 0}
2022/07/23 21:29:15 [DEBUG] INTO 2 Phase.
2022/07/23 21:29:15 {MsgAppend 2 1 1 0 0 [term:1 index:1 ] 0 <nil> false {} [] 0} end
2022/07/23 21:29:15 {MsgAppendResponse 1 2 1 0 1 [] 0 <nil> false {} [] 0} endl
2022/07/23 21:29:15 [DEBUG] INTO Step1 Phase. message: {MsgAppendResponse 1 2 1 0 1 [] 0 <nil> false {} [] 0}
2022/07/23 21:29:15 [DEBUG] INTO 2 Phase.
2022/07/23 21:29:15 {MsgAppend 3 1 1 0 0 [term:1 index:1 ] 0 <nil> false {} [] 0} end
2022/07/23 21:29:15 {MsgAppendResponse 1 3 1 0 1 [] 0 <nil> false {} [] 0} endl
2022/07/23 21:29:15 [DEBUG] INTO Step1 Phase. message: {MsgAppendResponse 1 3 1 0 1 [] 0 <nil> false {} [] 0}
2022/07/23 21:29:15 [DEBUG] INTO 2 Phase.
2022/07/23 21:29:15 [DEBUG] DEBUG getEntries ro>offset:[{EntryNormal 1 1 [] {} [] 0}]
2022/07/23 21:29:15 [DEBUG] DEBUG getEntries: offset==1 lastIndex==1
2022/07/23 21:29:15 [DEBUG] INTO Step1 Phase. message: {MsgPropose 1 1 0 0 0 [data:"some data" ] 0 <nil> false {} [] 0}
2022/07/23 21:29:15 [DEBUG] INTO 2 Phase.
2022/07/23 21:29:15 [DEBUG] DEBUG getEntries ro>offset:[{EntryNormal 1 2 [115 111 109 101 32 100 97 116 97] {} [] 0}]
2022/07/23 21:29:15 [DEBUG] DEBUG getEntries: offset==1 lastIndex==2
2022/07/23 21:29:15 [DEBUG] MsgAppend Next & lastIndex:2 2
2022/07/23 21:29:15 	[DEBUG] Append Entries Msg:{MsgAppend 2 1 1 1 1 [term:1 index:2 data:"some data" ] 1 <nil> false {} [] 0}
2022/07/23 21:29:15 [DEBUG] DEBUG getEntries ro>offset:[{EntryNormal 1 2 [115 111 109 101 32 100 97 116 97] {} [] 0}]
2022/07/23 21:29:15 [DEBUG] DEBUG getEntries: offset==1 lastIndex==2
2022/07/23 21:29:15 [DEBUG] MsgAppend Next & lastIndex:2 2
2022/07/23 21:29:15 	[DEBUG] Append Entries Msg:{MsgAppend 3 1 1 1 1 [term:1 index:2 data:"some data" ] 1 <nil> false {} [] 0}
2022/07/23 21:29:15 [DEBUG] DEBUG getEntries ro>offset:[{EntryNormal 1 2 [115 111 109 101 32 100 97 116 97] {} [] 0}]
2022/07/23 21:29:15 [DEBUG] DEBUG getEntries: offset==1 lastIndex==2
2022/07/23 21:29:15 [DEBUG] DEBUG getEntries ro>offset:[{EntryNormal 1 1 [] {} [] 0}]
2022/07/23 21:29:15 [DEBUG] DEBUG getEntries: offset==1 lastIndex==1
2022/07/23 21:29:15 [DEBUG] MsgAppend Next & lastIndex:1 1
2022/07/23 21:29:15 	[DEBUG] Append Entries Msg:{MsgAppend 2 1 1 0 0 [term:1 index:1 ] 0 <nil> false {} [] 0}
2022/07/23 21:29:15 [DEBUG] DEBUG getEntries ro>offset:[{EntryNormal 1 1 [] {} [] 0}]
2022/07/23 21:29:15 [DEBUG] DEBUG getEntries: offset==1 lastIndex==1
2022/07/23 21:29:15 [DEBUG] MsgAppend Next & lastIndex:1 1
2022/07/23 21:29:15 	[DEBUG] Append Entries Msg:{MsgAppend 3 1 1 0 0 [term:1 index:1 ] 0 <nil> false {} [] 0}
2022/07/23 21:29:15 [DEBUG] in BecomeLeader lastIndex:0
2022/07/23 21:29:15 	[DEBUG] Leader Entries:{EntryNormal 1 1 [] {} [] 0}
2022/07/23 21:29:15 [DEBUG] DEBUG getEntries ro>offset:[{EntryNormal 1 1 [] {} [] 0}]
2022/07/23 21:29:15 [DEBUG] DEBUG getEntries: offset==1 lastIndex==1
2022/07/23 21:29:15 [DEBUG] MsgAppend Next & lastIndex:1 1
2022/07/23 21:29:15 	[DEBUG] Append Entries Msg:{MsgAppend 2 1 1 0 0 [term:1 index:1 ] 0 <nil> false {} [] 0}
2022/07/23 21:29:15 [DEBUG] DEBUG getEntries ro>offset:[{EntryNormal 1 1 [] {} [] 0}]
2022/07/23 21:29:15 [DEBUG] DEBUG getEntries: offset==1 lastIndex==1
2022/07/23 21:29:15 [DEBUG] MsgAppend Next & lastIndex:1 1
2022/07/23 21:29:15 	[DEBUG] Append Entries Msg:{MsgAppend 3 1 1 0 0 [term:1 index:1 ] 0 <nil> false {} [] 0}
2022/07/23 21:29:15 {MsgAppend 2 1 1 0 0 [term:1 index:1 ] 0 <nil> false {} [] 0} end
2022/07/23 21:29:15 {MsgAppendResponse 1 2 1 0 1 [] 0 <nil> false {} [] 0} endl
2022/07/23 21:29:15 [DEBUG] INTO Step1 Phase. message: {MsgAppendResponse 1 2 1 0 1 [] 0 <nil> false {} [] 0}
2022/07/23 21:29:15 [DEBUG] INTO 2 Phase.
2022/07/23 21:29:15 [DEBUG] DEBUG getEntries ro>offset:[{EntryNormal 1 1 [] {} [] 0}]
2022/07/23 21:29:15 [DEBUG] DEBUG getEntries: offset==1 lastIndex==1
2022/07/23 21:29:15 [DEBUG] MsgAppend Next & lastIndex:1 1
2022/07/23 21:29:15 	[DEBUG] Append Entries Msg:{MsgAppend 3 1 1 0 0 [term:1 index:1 ] 1 <nil> false {} [] 0}
2022/07/23 21:29:15 [DEBUG] MsgAppend Next & lastIndex:2 1
2022/07/23 21:29:15 	[DEBUG] Append Entries Msg:{MsgAppend 2 1 1 1 1 [] 1 <nil> false {} [] 0}
2022/07/23 21:29:15 {MsgAppend 3 1 1 0 0 [term:1 index:1 ] 0 <nil> false {} [] 0} end
2022/07/23 21:29:15 {MsgAppendResponse 1 3 1 0 1 [] 0 <nil> false {} [] 0} endl
2022/07/23 21:29:15 [DEBUG] INTO Step1 Phase. message: {MsgAppendResponse 1 3 1 0 1 [] 0 <nil> false {} [] 0}
2022/07/23 21:29:15 [DEBUG] INTO 2 Phase.
2022/07/23 21:29:15 {MsgAppend 2 1 1 0 0 [term:1 index:1 ] 0 <nil> false {} [] 0} end
2022/07/23 21:29:15 {MsgAppendResponse 1 2 1 0 1 [] 0 <nil> false {} [] 0} endl
2022/07/23 21:29:15 [DEBUG] INTO Step1 Phase. message: {MsgAppendResponse 1 2 1 0 1 [] 0 <nil> false {} [] 0}
2022/07/23 21:29:15 [DEBUG] INTO 2 Phase.
2022/07/23 21:29:15 {MsgAppend 3 1 1 0 0 [term:1 index:1 ] 0 <nil> false {} [] 0} end
2022/07/23 21:29:15 {MsgAppendResponse 1 3 1 0 1 [] 0 <nil> false {} [] 0} endl
2022/07/23 21:29:15 [DEBUG] INTO Step1 Phase. message: {MsgAppendResponse 1 3 1 0 1 [] 0 <nil> false {} [] 0}
2022/07/23 21:29:15 [DEBUG] INTO 2 Phase.
2022/07/23 21:29:15 [DEBUG] DEBUG getEntries ro>offset:[{EntryNormal 1 1 [] {} [] 0}]
2022/07/23 21:29:15 [DEBUG] DEBUG getEntries: offset==1 lastIndex==1
2022/07/23 21:29:15 [DEBUG] INTO Step1 Phase. message: {MsgPropose 1 1 0 0 0 [data:"some data" ] 0 <nil> false {} [] 0}
2022/07/23 21:29:15 [DEBUG] INTO 2 Phase.
2022/07/23 21:29:15 [DEBUG] DEBUG getEntries ro>offset:[{EntryNormal 1 2 [115 111 109 101 32 100 97 116 97] {} [] 0}]
2022/07/23 21:29:15 [DEBUG] DEBUG getEntries: offset==1 lastIndex==2
2022/07/23 21:29:15 [DEBUG] MsgAppend Next & lastIndex:2 2
2022/07/23 21:29:15 	[DEBUG] Append Entries Msg:{MsgAppend 2 1 1 1 1 [term:1 index:2 data:"some data" ] 1 <nil> false {} [] 0}
2022/07/23 21:29:15 [DEBUG] DEBUG getEntries ro>offset:[{EntryNormal 1 2 [115 111 109 101 32 100 97 116 97] {} [] 0}]
2022/07/23 21:29:15 [DEBUG] DEBUG getEntries: offset==1 lastIndex==2
2022/07/23 21:29:15 [DEBUG] MsgAppend Next & lastIndex:2 2
2022/07/23 21:29:15 	[DEBUG] Append Entries Msg:{MsgAppend 3 1 1 1 1 [term:1 index:2 data:"some data" ] 1 <nil> false {} [] 0}
2022/07/23 21:29:15 				---[DEBUG] {MsgAppend 2 1 1 1 1 [term:1 index:2 data:"some data" ] 1 <nil> false {} [] 0}
2022/07/23 21:29:15 [DEBUG] INTO Step1 Phase. message: {MsgAppendResponse 1 2 1 0 2 [] 0 <nil> false {} [] 0}
2022/07/23 21:29:15 [DEBUG] INTO 2 Phase.
2022/07/23 21:29:15 [DEBUG] MsgAppend Next & lastIndex:3 2
2022/07/23 21:29:15 	[DEBUG] Append Entries Msg:{MsgAppend 2 1 1 1 2 [] 2 <nil> false {} [] 0}
2022/07/23 21:29:15 [DEBUG] DEBUG getEntries ro>offset:[{EntryNormal 1 2 [115 111 109 101 32 100 97 116 97] {} [] 0}]
2022/07/23 21:29:15 [DEBUG] DEBUG getEntries: offset==1 lastIndex==2
2022/07/23 21:29:15 [DEBUG] MsgAppend Next & lastIndex:2 2
2022/07/23 21:29:15 	[DEBUG] Append Entries Msg:{MsgAppend 3 1 1 1 1 [term:1 index:2 data:"some data" ] 2 <nil> false {} [] 0}
2022/07/23 21:29:15 				---[DEBUG] {MsgAppend 3 1 1 1 1 [term:1 index:2 data:"some data" ] 1 <nil> false {} [] 0}
2022/07/23 21:29:15 [DEBUG] INTO Step1 Phase. message: {MsgAppendResponse 1 3 1 0 2 [] 0 <nil> false {} [] 0}
2022/07/23 21:29:15 [DEBUG] INTO 2 Phase.
2022/07/23 21:29:15 [DEBUG] DEBUG getEntries ro>offset:[{EntryNormal 1 2 [115 111 109 101 32 100 97 116 97] {} [] 0}]
2022/07/23 21:29:15 [DEBUG] DEBUG getEntries: offset==1 lastIndex==2
2022/07/23 21:29:15 [DEBUG] in BecomeLeader lastIndex:0
2022/07/23 21:29:15 	[DEBUG] Leader Entries:{EntryNormal 1 1 [] {} [] 0}
2022/07/23 21:29:15 [DEBUG] DEBUG getEntries ro>offset:[{EntryNormal 1 1 [] {} [] 0}]
2022/07/23 21:29:15 [DEBUG] DEBUG getEntries: offset==1 lastIndex==1
2022/07/23 21:29:15 [DEBUG] INTO Step1 Phase. message: {MsgPropose 1 1 0 0 0 [data:"some data" ] 0 <nil> false {} [] 0}
2022/07/23 21:29:15 [DEBUG] INTO 2 Phase.
2022/07/23 21:29:15 [DEBUG] DEBUG getEntries ro>offset:[{EntryNormal 1 1 [] {} [] 0}]
2022/07/23 21:29:15 [DEBUG] DEBUG getEntries: offset==1 lastIndex==1
2022/07/23 21:29:15 [DEBUG] MsgAppend Next & lastIndex:1 1
2022/07/23 21:29:15 	[DEBUG] Append Entries Msg:{MsgAppend 2 1 1 0 0 [term:1 index:1 ] 0 <nil> false {} [] 0}
2022/07/23 21:29:15 [DEBUG] DEBUG getEntries ro>offset:[{EntryNormal 1 1 [] {} [] 0}]
2022/07/23 21:29:15 [DEBUG] DEBUG getEntries: offset==1 lastIndex==1
2022/07/23 21:29:15 [DEBUG] MsgAppend Next & lastIndex:1 1
2022/07/23 21:29:15 	[DEBUG] Append Entries Msg:{MsgAppend 3 1 1 0 0 [term:1 index:1 ] 0 <nil> false {} [] 0}
2022/07/23 21:29:15 [DEBUG] in BecomeLeader lastIndex:0
2022/07/23 21:29:15 	[DEBUG] Leader Entries:{EntryNormal 1 1 [] {} [] 0}
2022/07/23 21:29:15 [DEBUG] DEBUG getEntries ro>offset:[{EntryNormal 1 1 [] {} [] 0}]
2022/07/23 21:29:15 [DEBUG] DEBUG getEntries: offset==1 lastIndex==1
2022/07/23 21:29:15 [DEBUG] MsgAppend Next & lastIndex:1 1
2022/07/23 21:29:15 	[DEBUG] Append Entries Msg:{MsgAppend 2 1 1 0 0 [term:1 index:1 ] 0 <nil> false {} [] 0}
2022/07/23 21:29:15 [DEBUG] DEBUG getEntries ro>offset:[{EntryNormal 1 1 [] {} [] 0}]
2022/07/23 21:29:15 [DEBUG] DEBUG getEntries: offset==1 lastIndex==1
2022/07/23 21:29:15 [DEBUG] MsgAppend Next & lastIndex:1 1
2022/07/23 21:29:15 	[DEBUG] Append Entries Msg:{MsgAppend 3 1 1 0 0 [term:1 index:1 ] 0 <nil> false {} [] 0}
2022/07/23 21:29:15 {MsgAppend 2 1 1 0 0 [term:1 index:1 ] 0 <nil> false {} [] 0} end
2022/07/23 21:29:15 {MsgAppendResponse 1 2 1 0 1 [] 0 <nil> false {} [] 0} endl
2022/07/23 21:29:15 [DEBUG] INTO Step1 Phase. message: {MsgAppendResponse 1 2 1 0 1 [] 0 <nil> false {} [] 0}
2022/07/23 21:29:15 [DEBUG] INTO 2 Phase.
2022/07/23 21:29:15 [DEBUG] MsgAppend Next & lastIndex:2 1
2022/07/23 21:29:15 	[DEBUG] Append Entries Msg:{MsgAppend 2 1 1 1 1 [] 1 <nil> false {} [] 0}
2022/07/23 21:29:15 [DEBUG] DEBUG getEntries ro>offset:[{EntryNormal 1 1 [] {} [] 0}]
2022/07/23 21:29:15 [DEBUG] DEBUG getEntries: offset==1 lastIndex==1
2022/07/23 21:29:15 [DEBUG] MsgAppend Next & lastIndex:1 1
2022/07/23 21:29:15 	[DEBUG] Append Entries Msg:{MsgAppend 3 1 1 0 0 [term:1 index:1 ] 1 <nil> false {} [] 0}
2022/07/23 21:29:15 {MsgAppend 3 1 1 0 0 [term:1 index:1 ] 0 <nil> false {} [] 0} end
2022/07/23 21:29:15 {MsgAppendResponse 1 3 1 0 1 [] 0 <nil> false {} [] 0} endl
2022/07/23 21:29:15 [DEBUG] INTO Step1 Phase. message: {MsgAppendResponse 1 3 1 0 1 [] 0 <nil> false {} [] 0}
2022/07/23 21:29:15 [DEBUG] INTO 2 Phase.
2022/07/23 21:29:15 {MsgAppend 2 1 1 0 0 [term:1 index:1 ] 0 <nil> false {} [] 0} end
2022/07/23 21:29:15 {MsgAppendResponse 1 2 1 0 1 [] 0 <nil> false {} [] 0} endl
2022/07/23 21:29:15 [DEBUG] INTO Step1 Phase. message: {MsgAppendResponse 1 2 1 0 1 [] 0 <nil> false {} [] 0}
2022/07/23 21:29:15 [DEBUG] INTO 2 Phase.
2022/07/23 21:29:15 {MsgAppend 3 1 1 0 0 [term:1 index:1 ] 0 <nil> false {} [] 0} end
2022/07/23 21:29:15 {MsgAppendResponse 1 3 1 0 1 [] 0 <nil> false {} [] 0} endl
2022/07/23 21:29:15 [DEBUG] INTO Step1 Phase. message: {MsgAppendResponse 1 3 1 0 1 [] 0 <nil> false {} [] 0}
2022/07/23 21:29:15 [DEBUG] INTO 2 Phase.
2022/07/23 21:29:15 [DEBUG] DEBUG getEntries ro>offset:[{EntryNormal 1 1 [] {} [] 0}]
2022/07/23 21:29:15 [DEBUG] DEBUG getEntries: offset==1 lastIndex==1
2022/07/23 21:29:15 [DEBUG] INTO Step1 Phase. message: {MsgPropose 1 1 0 0 0 [data:"some data" ] 0 <nil> false {} [] 0}
2022/07/23 21:29:15 [DEBUG] INTO 2 Phase.
2022/07/23 21:29:15 [DEBUG] DEBUG getEntries ro>offset:[{EntryNormal 1 2 [115 111 109 101 32 100 97 116 97] {} [] 0}]
2022/07/23 21:29:15 [DEBUG] DEBUG getEntries: offset==1 lastIndex==2
2022/07/23 21:29:15 [DEBUG] MsgAppend Next & lastIndex:2 2
2022/07/23 21:29:15 	[DEBUG] Append Entries Msg:{MsgAppend 2 1 1 1 1 [term:1 index:2 data:"some data" ] 1 <nil> false {} [] 0}
2022/07/23 21:29:15 [DEBUG] DEBUG getEntries ro>offset:[{EntryNormal 1 2 [115 111 109 101 32 100 97 116 97] {} [] 0}]
2022/07/23 21:29:15 [DEBUG] DEBUG getEntries: offset==1 lastIndex==2
2022/07/23 21:29:15 [DEBUG] MsgAppend Next & lastIndex:2 2
2022/07/23 21:29:15 	[DEBUG] Append Entries Msg:{MsgAppend 3 1 1 1 1 [term:1 index:2 data:"some data" ] 1 <nil> false {} [] 0}
2022/07/23 21:29:15 [DEBUG] DEBUG getEntries ro>offset:[{EntryNormal 1 1 [] {} [] 0}]
2022/07/23 21:29:15 [DEBUG] DEBUG getEntries: offset==1 lastIndex==1
2022/07/23 21:29:15 [DEBUG] MsgAppend Next & lastIndex:1 1
2022/07/23 21:29:15 	[DEBUG] Append Entries Msg:{MsgAppend 2 1 1 0 0 [term:1 index:1 ] 0 <nil> false {} [] 0}
2022/07/23 21:29:15 [DEBUG] DEBUG getEntries ro>offset:[{EntryNormal 1 1 [] {} [] 0}]
2022/07/23 21:29:15 [DEBUG] DEBUG getEntries: offset==1 lastIndex==1
2022/07/23 21:29:15 [DEBUG] MsgAppend Next & lastIndex:1 1
2022/07/23 21:29:15 	[DEBUG] Append Entries Msg:{MsgAppend 3 1 1 0 0 [term:1 index:1 ] 0 <nil> false {} [] 0}
2022/07/23 21:29:15 [DEBUG] in BecomeLeader lastIndex:0
2022/07/23 21:29:15 	[DEBUG] Leader Entries:{EntryNormal 1 1 [] {} [] 0}
2022/07/23 21:29:15 [DEBUG] DEBUG getEntries ro>offset:[{EntryNormal 1 1 [] {} [] 0}]
2022/07/23 21:29:15 [DEBUG] DEBUG getEntries: offset==1 lastIndex==1
2022/07/23 21:29:15 [DEBUG] MsgAppend Next & lastIndex:1 1
2022/07/23 21:29:15 	[DEBUG] Append Entries Msg:{MsgAppend 2 1 1 0 0 [term:1 index:1 ] 0 <nil> false {} [] 0}
2022/07/23 21:29:15 [DEBUG] DEBUG getEntries ro>offset:[{EntryNormal 1 1 [] {} [] 0}]
2022/07/23 21:29:15 [DEBUG] DEBUG getEntries: offset==1 lastIndex==1
2022/07/23 21:29:15 [DEBUG] MsgAppend Next & lastIndex:1 1
2022/07/23 21:29:15 	[DEBUG] Append Entries Msg:{MsgAppend 3 1 1 0 0 [term:1 index:1 ] 0 <nil> false {} [] 0}
2022/07/23 21:29:15 {MsgAppend 2 1 1 0 0 [term:1 index:1 ] 0 <nil> false {} [] 0} end
2022/07/23 21:29:15 {MsgAppendResponse 1 2 1 0 1 [] 0 <nil> false {} [] 0} endl
2022/07/23 21:29:15 [DEBUG] INTO Step1 Phase. message: {MsgAppendResponse 1 2 1 0 1 [] 0 <nil> false {} [] 0}
2022/07/23 21:29:15 [DEBUG] INTO 2 Phase.
2022/07/23 21:29:15 [DEBUG] MsgAppend Next & lastIndex:2 1
2022/07/23 21:29:15 	[DEBUG] Append Entries Msg:{MsgAppend 2 1 1 1 1 [] 1 <nil> false {} [] 0}
2022/07/23 21:29:15 [DEBUG] DEBUG getEntries ro>offset:[{EntryNormal 1 1 [] {} [] 0}]
2022/07/23 21:29:15 [DEBUG] DEBUG getEntries: offset==1 lastIndex==1
2022/07/23 21:29:15 [DEBUG] MsgAppend Next & lastIndex:1 1
2022/07/23 21:29:15 	[DEBUG] Append Entries Msg:{MsgAppend 3 1 1 0 0 [term:1 index:1 ] 1 <nil> false {} [] 0}
2022/07/23 21:29:15 {MsgAppend 3 1 1 0 0 [term:1 index:1 ] 0 <nil> false {} [] 0} end
2022/07/23 21:29:15 {MsgAppendResponse 1 3 1 0 1 [] 0 <nil> false {} [] 0} endl
2022/07/23 21:29:15 [DEBUG] INTO Step1 Phase. message: {MsgAppendResponse 1 3 1 0 1 [] 0 <nil> false {} [] 0}
2022/07/23 21:29:15 [DEBUG] INTO 2 Phase.
2022/07/23 21:29:15 {MsgAppend 2 1 1 0 0 [term:1 index:1 ] 0 <nil> false {} [] 0} end
2022/07/23 21:29:15 {MsgAppendResponse 1 2 1 0 1 [] 0 <nil> false {} [] 0} endl
2022/07/23 21:29:15 [DEBUG] INTO Step1 Phase. message: {MsgAppendResponse 1 2 1 0 1 [] 0 <nil> false {} [] 0}
2022/07/23 21:29:15 [DEBUG] INTO 2 Phase.
2022/07/23 21:29:15 {MsgAppend 3 1 1 0 0 [term:1 index:1 ] 0 <nil> false {} [] 0} end
2022/07/23 21:29:15 {MsgAppendResponse 1 3 1 0 1 [] 0 <nil> false {} [] 0} endl
2022/07/23 21:29:15 [DEBUG] INTO Step1 Phase. message: {MsgAppendResponse 1 3 1 0 1 [] 0 <nil> false {} [] 0}
2022/07/23 21:29:15 [DEBUG] INTO 2 Phase.
2022/07/23 21:29:15 [DEBUG] DEBUG getEntries ro>offset:[{EntryNormal 1 1 [] {} [] 0}]
2022/07/23 21:29:15 [DEBUG] DEBUG getEntries: offset==1 lastIndex==1
2022/07/23 21:29:15 [DEBUG] INTO Step1 Phase. message: {MsgPropose 1 1 0 0 0 [data:"some data" ] 0 <nil> false {} [] 0}
2022/07/23 21:29:15 [DEBUG] INTO 2 Phase.
2022/07/23 21:29:15 [DEBUG] DEBUG getEntries ro>offset:[{EntryNormal 1 2 [115 111 109 101 32 100 97 116 97] {} [] 0}]
2022/07/23 21:29:15 [DEBUG] DEBUG getEntries: offset==1 lastIndex==2
2022/07/23 21:29:15 [DEBUG] MsgAppend Next & lastIndex:2 2
2022/07/23 21:29:15 	[DEBUG] Append Entries Msg:{MsgAppend 2 1 1 1 1 [term:1 index:2 data:"some data" ] 1 <nil> false {} [] 0}
2022/07/23 21:29:15 [DEBUG] DEBUG getEntries ro>offset:[{EntryNormal 1 2 [115 111 109 101 32 100 97 116 97] {} [] 0}]
2022/07/23 21:29:15 [DEBUG] DEBUG getEntries: offset==1 lastIndex==2
2022/07/23 21:29:15 [DEBUG] MsgAppend Next & lastIndex:2 2
2022/07/23 21:29:15 	[DEBUG] Append Entries Msg:{MsgAppend 3 1 1 1 1 [term:1 index:2 data:"some data" ] 1 <nil> false {} [] 0}
2022/07/23 21:29:15 [DEBUG] INTO Step1 Phase. message: {MsgAppendResponse 1 2 1 0 2 [] 0 <nil> false {} [] 0}
2022/07/23 21:29:15 [DEBUG] INTO 2 Phase.
2022/07/23 21:29:15 [DEBUG] MsgAppend Next & lastIndex:3 2
2022/07/23 21:29:15 	[DEBUG] Append Entries Msg:{MsgAppend 2 1 1 1 2 [] 2 <nil> false {} [] 0}
2022/07/23 21:29:15 [DEBUG] DEBUG getEntries ro>offset:[{EntryNormal 1 2 [115 111 109 101 32 100 97 116 97] {} [] 0}]
2022/07/23 21:29:15 [DEBUG] DEBUG getEntries: offset==1 lastIndex==2
2022/07/23 21:29:15 [DEBUG] MsgAppend Next & lastIndex:2 2
2022/07/23 21:29:15 	[DEBUG] Append Entries Msg:{MsgAppend 3 1 1 1 1 [term:1 index:2 data:"some data" ] 2 <nil> false {} [] 0}
2022/07/23 21:29:15 [DEBUG] DEBUG getEntries ro>offset:[{EntryNormal 1 1 [] {} [] 0}]
2022/07/23 21:29:15 [DEBUG] DEBUG getEntries: offset==1 lastIndex==1
2022/07/23 21:29:15 [DEBUG] MsgAppend Next & lastIndex:1 1
2022/07/23 21:29:15 	[DEBUG] Append Entries Msg:{MsgAppend 2 1 1 0 0 [term:1 index:1 ] 0 <nil> false {} [] 0}
2022/07/23 21:29:15 [DEBUG] DEBUG getEntries ro>offset:[{EntryNormal 1 1 [] {} [] 0}]
2022/07/23 21:29:15 [DEBUG] DEBUG getEntries: offset==1 lastIndex==1
2022/07/23 21:29:15 [DEBUG] MsgAppend Next & lastIndex:1 1
2022/07/23 21:29:15 	[DEBUG] Append Entries Msg:{MsgAppend 3 1 1 0 0 [term:1 index:1 ] 0 <nil> false {} [] 0}
2022/07/23 21:29:15 [DEBUG] in BecomeLeader lastIndex:0
2022/07/23 21:29:15 	[DEBUG] Leader Entries:{EntryNormal 1 1 [] {} [] 0}
2022/07/23 21:29:15 [DEBUG] DEBUG getEntries ro>offset:[{EntryNormal 1 1 [] {} [] 0}]
2022/07/23 21:29:15 [DEBUG] DEBUG getEntries: offset==1 lastIndex==1
2022/07/23 21:29:15 [DEBUG] MsgAppend Next & lastIndex:1 1
2022/07/23 21:29:15 	[DEBUG] Append Entries Msg:{MsgAppend 2 1 1 0 0 [term:1 index:1 ] 0 <nil> false {} [] 0}
2022/07/23 21:29:15 [DEBUG] DEBUG getEntries ro>offset:[{EntryNormal 1 1 [] {} [] 0}]
2022/07/23 21:29:15 [DEBUG] DEBUG getEntries: offset==1 lastIndex==1
2022/07/23 21:29:15 [DEBUG] MsgAppend Next & lastIndex:1 1
2022/07/23 21:29:15 	[DEBUG] Append Entries Msg:{MsgAppend 3 1 1 0 0 [term:1 index:1 ] 0 <nil> false {} [] 0}
2022/07/23 21:29:15 {MsgAppend 2 1 1 0 0 [term:1 index:1 ] 0 <nil> false {} [] 0} end
2022/07/23 21:29:15 {MsgAppendResponse 1 2 1 0 1 [] 0 <nil> false {} [] 0} endl
2022/07/23 21:29:15 [DEBUG] INTO Step1 Phase. message: {MsgAppendResponse 1 2 1 0 1 [] 0 <nil> false {} [] 0}
2022/07/23 21:29:15 [DEBUG] INTO 2 Phase.
2022/07/23 21:29:15 [DEBUG] MsgAppend Next & lastIndex:2 1
2022/07/23 21:29:15 	[DEBUG] Append Entries Msg:{MsgAppend 2 1 1 1 1 [] 1 <nil> false {} [] 0}
2022/07/23 21:29:15 [DEBUG] DEBUG getEntries ro>offset:[{EntryNormal 1 1 [] {} [] 0}]
2022/07/23 21:29:15 [DEBUG] DEBUG getEntries: offset==1 lastIndex==1
2022/07/23 21:29:15 [DEBUG] MsgAppend Next & lastIndex:1 1
2022/07/23 21:29:15 	[DEBUG] Append Entries Msg:{MsgAppend 3 1 1 0 0 [term:1 index:1 ] 1 <nil> false {} [] 0}
2022/07/23 21:29:15 {MsgAppend 3 1 1 0 0 [term:1 index:1 ] 0 <nil> false {} [] 0} end
2022/07/23 21:29:15 {MsgAppendResponse 1 3 1 0 1 [] 0 <nil> false {} [] 0} endl
2022/07/23 21:29:15 [DEBUG] INTO Step1 Phase. message: {MsgAppendResponse 1 3 1 0 1 [] 0 <nil> false {} [] 0}
2022/07/23 21:29:15 [DEBUG] INTO 2 Phase.
2022/07/23 21:29:15 {MsgAppend 2 1 1 0 0 [term:1 index:1 ] 0 <nil> false {} [] 0} end
2022/07/23 21:29:15 {MsgAppendResponse 1 2 1 0 1 [] 0 <nil> false {} [] 0} endl
2022/07/23 21:29:15 [DEBUG] INTO Step1 Phase. message: {MsgAppendResponse 1 2 1 0 1 [] 0 <nil> false {} [] 0}
2022/07/23 21:29:15 [DEBUG] INTO 2 Phase.
2022/07/23 21:29:15 {MsgAppend 3 1 1 0 0 [term:1 index:1 ] 0 <nil> false {} [] 0} end
2022/07/23 21:29:15 {MsgAppendResponse 1 3 1 0 1 [] 0 <nil> false {} [] 0} endl
2022/07/23 21:29:15 [DEBUG] INTO Step1 Phase. message: {MsgAppendResponse 1 3 1 0 1 [] 0 <nil> false {} [] 0}
2022/07/23 21:29:15 [DEBUG] INTO 2 Phase.
2022/07/23 21:29:15 [DEBUG] DEBUG getEntries ro>offset:[{EntryNormal 1 1 [] {} [] 0}]
2022/07/23 21:29:15 [DEBUG] DEBUG getEntries: offset==1 lastIndex==1
2022/07/23 21:29:15 [DEBUG] INTO Step1 Phase. message: {MsgPropose 1 1 0 0 0 [data:"some data" ] 0 <nil> false {} [] 0}
2022/07/23 21:29:15 [DEBUG] INTO 2 Phase.
2022/07/23 21:29:15 [DEBUG] DEBUG getEntries ro>offset:[{EntryNormal 1 2 [115 111 109 101 32 100 97 116 97] {} [] 0}]
2022/07/23 21:29:15 [DEBUG] DEBUG getEntries: offset==1 lastIndex==2
2022/07/23 21:29:15 [DEBUG] MsgAppend Next & lastIndex:2 2
2022/07/23 21:29:15 	[DEBUG] Append Entries Msg:{MsgAppend 2 1 1 1 1 [term:1 index:2 data:"some data" ] 1 <nil> false {} [] 0}
2022/07/23 21:29:15 [DEBUG] DEBUG getEntries ro>offset:[{EntryNormal 1 2 [115 111 109 101 32 100 97 116 97] {} [] 0}]
2022/07/23 21:29:15 [DEBUG] DEBUG getEntries: offset==1 lastIndex==2
2022/07/23 21:29:15 [DEBUG] MsgAppend Next & lastIndex:2 2
2022/07/23 21:29:15 	[DEBUG] Append Entries Msg:{MsgAppend 3 1 1 1 1 [term:1 index:2 data:"some data" ] 1 <nil> false {} [] 0}
2022/07/23 21:29:15 [DEBUG] INTO Step1 Phase. message: {MsgAppendResponse 1 2 1 0 2 [] 0 <nil> false {} [] 0}
2022/07/23 21:29:15 [DEBUG] INTO 2 Phase.
2022/07/23 21:29:15 [DEBUG] MsgAppend Next & lastIndex:3 2
2022/07/23 21:29:15 	[DEBUG] Append Entries Msg:{MsgAppend 2 1 1 1 2 [] 2 <nil> false {} [] 0}
2022/07/23 21:29:15 [DEBUG] DEBUG getEntries ro>offset:[{EntryNormal 1 2 [115 111 109 101 32 100 97 116 97] {} [] 0}]
2022/07/23 21:29:15 [DEBUG] DEBUG getEntries: offset==1 lastIndex==2
2022/07/23 21:29:15 [DEBUG] MsgAppend Next & lastIndex:2 2
2022/07/23 21:29:15 	[DEBUG] Append Entries Msg:{MsgAppend 3 1 1 1 1 [term:1 index:2 data:"some data" ] 2 <nil> false {} [] 0}
2022/07/23 21:29:15 [DEBUG] INTO Step1 Phase. message: {MsgAppendResponse 1 3 1 0 2 [] 0 <nil> false {} [] 0}
2022/07/23 21:29:15 [DEBUG] INTO 2 Phase.
2022/07/23 21:29:15 [DEBUG] DEBUG getEntries ro>offset:[{EntryNormal 1 1 [] {} [] 0}]
2022/07/23 21:29:15 [DEBUG] DEBUG getEntries: offset==1 lastIndex==1
2022/07/23 21:29:15 [DEBUG] MsgAppend Next & lastIndex:1 1
2022/07/23 21:29:15 	[DEBUG] Append Entries Msg:{MsgAppend 2 1 1 0 0 [term:1 index:1 ] 0 <nil> false {} [] 0}
2022/07/23 21:29:15 [DEBUG] DEBUG getEntries ro>offset:[{EntryNormal 1 1 [] {} [] 0}]
2022/07/23 21:29:15 [DEBUG] DEBUG getEntries: offset==1 lastIndex==1
2022/07/23 21:29:15 [DEBUG] MsgAppend Next & lastIndex:1 1
2022/07/23 21:29:15 	[DEBUG] Append Entries Msg:{MsgAppend 3 1 1 0 0 [term:1 index:1 ] 0 <nil> false {} [] 0}
2022/07/23 21:29:15 [DEBUG] DEBUG getEntries ro>offset:[{EntryNormal 1 1 [] {} [] 0}]
2022/07/23 21:29:15 [DEBUG] DEBUG getEntries: offset==1 lastIndex==1
2022/07/23 21:29:15 [DEBUG] MsgAppend Next & lastIndex:1 1
2022/07/23 21:29:15 	[DEBUG] Append Entries Msg:{MsgAppend 4 1 1 0 0 [term:1 index:1 ] 0 <nil> false {} [] 0}
2022/07/23 21:29:15 [DEBUG] DEBUG getEntries ro>offset:[{EntryNormal 1 1 [] {} [] 0}]
2022/07/23 21:29:15 [DEBUG] DEBUG getEntries: offset==1 lastIndex==1
2022/07/23 21:29:15 [DEBUG] MsgAppend Next & lastIndex:1 1
2022/07/23 21:29:15 	[DEBUG] Append Entries Msg:{MsgAppend 5 1 1 0 0 [term:1 index:1 ] 0 <nil> false {} [] 0}
2022/07/23 21:29:15 [DEBUG] in BecomeLeader lastIndex:0
2022/07/23 21:29:15 	[DEBUG] Leader Entries:{EntryNormal 1 1 [] {} [] 0}
2022/07/23 21:29:15 [DEBUG] DEBUG getEntries ro>offset:[{EntryNormal 1 1 [] {} [] 0}]
2022/07/23 21:29:15 [DEBUG] DEBUG getEntries: offset==1 lastIndex==1
2022/07/23 21:29:15 [DEBUG] MsgAppend Next & lastIndex:1 1
2022/07/23 21:29:15 	[DEBUG] Append Entries Msg:{MsgAppend 2 1 1 0 0 [term:1 index:1 ] 0 <nil> false {} [] 0}
2022/07/23 21:29:15 [DEBUG] DEBUG getEntries ro>offset:[{EntryNormal 1 1 [] {} [] 0}]
2022/07/23 21:29:15 [DEBUG] DEBUG getEntries: offset==1 lastIndex==1
2022/07/23 21:29:15 [DEBUG] MsgAppend Next & lastIndex:1 1
2022/07/23 21:29:15 	[DEBUG] Append Entries Msg:{MsgAppend 3 1 1 0 0 [term:1 index:1 ] 0 <nil> false {} [] 0}
2022/07/23 21:29:15 [DEBUG] DEBUG getEntries ro>offset:[{EntryNormal 1 1 [] {} [] 0}]
2022/07/23 21:29:15 [DEBUG] DEBUG getEntries: offset==1 lastIndex==1
2022/07/23 21:29:15 [DEBUG] MsgAppend Next & lastIndex:1 1
2022/07/23 21:29:15 	[DEBUG] Append Entries Msg:{MsgAppend 4 1 1 0 0 [term:1 index:1 ] 0 <nil> false {} [] 0}
2022/07/23 21:29:15 [DEBUG] DEBUG getEntries ro>offset:[{EntryNormal 1 1 [] {} [] 0}]
2022/07/23 21:29:15 [DEBUG] DEBUG getEntries: offset==1 lastIndex==1
2022/07/23 21:29:15 [DEBUG] MsgAppend Next & lastIndex:1 1
2022/07/23 21:29:15 	[DEBUG] Append Entries Msg:{MsgAppend 5 1 1 0 0 [term:1 index:1 ] 0 <nil> false {} [] 0}
2022/07/23 21:29:15 {MsgAppend 2 1 1 0 0 [term:1 index:1 ] 0 <nil> false {} [] 0} end
2022/07/23 21:29:15 {MsgAppendResponse 1 2 1 0 1 [] 0 <nil> false {} [] 0} endl
2022/07/23 21:29:15 [DEBUG] INTO Step1 Phase. message: {MsgAppendResponse 1 2 1 0 1 [] 0 <nil> false {} [] 0}
2022/07/23 21:29:15 [DEBUG] INTO 2 Phase.
2022/07/23 21:29:15 {MsgAppend 3 1 1 0 0 [term:1 index:1 ] 0 <nil> false {} [] 0} end
2022/07/23 21:29:15 {MsgAppendResponse 1 3 1 0 1 [] 0 <nil> false {} [] 0} endl
2022/07/23 21:29:15 [DEBUG] INTO Step1 Phase. message: {MsgAppendResponse 1 3 1 0 1 [] 0 <nil> false {} [] 0}
2022/07/23 21:29:15 [DEBUG] INTO 2 Phase.
2022/07/23 21:29:15 [DEBUG] DEBUG getEntries ro>offset:[{EntryNormal 1 1 [] {} [] 0}]
2022/07/23 21:29:15 [DEBUG] DEBUG getEntries: offset==1 lastIndex==1
2022/07/23 21:29:15 [DEBUG] MsgAppend Next & lastIndex:1 1
2022/07/23 21:29:15 	[DEBUG] Append Entries Msg:{MsgAppend 4 1 1 0 0 [term:1 index:1 ] 1 <nil> false {} [] 0}
2022/07/23 21:29:15 [DEBUG] DEBUG getEntries ro>offset:[{EntryNormal 1 1 [] {} [] 0}]
2022/07/23 21:29:15 [DEBUG] DEBUG getEntries: offset==1 lastIndex==1
2022/07/23 21:29:15 [DEBUG] MsgAppend Next & lastIndex:1 1
2022/07/23 21:29:15 	[DEBUG] Append Entries Msg:{MsgAppend 5 1 1 0 0 [term:1 index:1 ] 1 <nil> false {} [] 0}
2022/07/23 21:29:15 [DEBUG] MsgAppend Next & lastIndex:2 1
2022/07/23 21:29:15 	[DEBUG] Append Entries Msg:{MsgAppend 2 1 1 1 1 [] 1 <nil> false {} [] 0}
2022/07/23 21:29:15 [DEBUG] MsgAppend Next & lastIndex:2 1
2022/07/23 21:29:15 	[DEBUG] Append Entries Msg:{MsgAppend 3 1 1 1 1 [] 1 <nil> false {} [] 0}
2022/07/23 21:29:15 {MsgAppend 4 1 1 0 0 [term:1 index:1 ] 0 <nil> false {} [] 0} end
2022/07/23 21:29:15 {MsgAppendResponse 1 4 1 0 1 [] 0 <nil> false {} [] 0} endl
2022/07/23 21:29:15 [DEBUG] INTO Step1 Phase. message: {MsgAppendResponse 1 4 1 0 1 [] 0 <nil> false {} [] 0}
2022/07/23 21:29:15 [DEBUG] INTO 2 Phase.
2022/07/23 21:29:15 {MsgAppend 5 1 1 0 0 [term:1 index:1 ] 0 <nil> false {} [] 0} end
2022/07/23 21:29:15 {MsgAppendResponse 1 5 1 0 1 [] 0 <nil> false {} [] 0} endl
2022/07/23 21:29:15 [DEBUG] INTO Step1 Phase. message: {MsgAppendResponse 1 5 1 0 1 [] 0 <nil> false {} [] 0}
2022/07/23 21:29:15 [DEBUG] INTO 2 Phase.
2022/07/23 21:29:15 {MsgAppend 2 1 1 0 0 [term:1 index:1 ] 0 <nil> false {} [] 0} end
2022/07/23 21:29:15 {MsgAppendResponse 1 2 1 0 1 [] 0 <nil> false {} [] 0} endl
2022/07/23 21:29:15 [DEBUG] INTO Step1 Phase. message: {MsgAppendResponse 1 2 1 0 1 [] 0 <nil> false {} [] 0}
2022/07/23 21:29:15 [DEBUG] INTO 2 Phase.
2022/07/23 21:29:15 {MsgAppend 3 1 1 0 0 [term:1 index:1 ] 0 <nil> false {} [] 0} end
2022/07/23 21:29:15 {MsgAppendResponse 1 3 1 0 1 [] 0 <nil> false {} [] 0} endl
2022/07/23 21:29:15 [DEBUG] INTO Step1 Phase. message: {MsgAppendResponse 1 3 1 0 1 [] 0 <nil> false {} [] 0}
2022/07/23 21:29:15 [DEBUG] INTO 2 Phase.
2022/07/23 21:29:15 {MsgAppend 4 1 1 0 0 [term:1 index:1 ] 0 <nil> false {} [] 0} end
2022/07/23 21:29:15 {MsgAppendResponse 1 4 1 0 1 [] 0 <nil> false {} [] 0} endl
2022/07/23 21:29:15 [DEBUG] INTO Step1 Phase. message: {MsgAppendResponse 1 4 1 0 1 [] 0 <nil> false {} [] 0}
2022/07/23 21:29:15 [DEBUG] INTO 2 Phase.
2022/07/23 21:29:15 {MsgAppend 5 1 1 0 0 [term:1 index:1 ] 0 <nil> false {} [] 0} end
2022/07/23 21:29:15 {MsgAppendResponse 1 5 1 0 1 [] 0 <nil> false {} [] 0} endl
2022/07/23 21:29:15 [DEBUG] INTO Step1 Phase. message: {MsgAppendResponse 1 5 1 0 1 [] 0 <nil> false {} [] 0}
2022/07/23 21:29:15 [DEBUG] INTO 2 Phase.
2022/07/23 21:29:15 [DEBUG] DEBUG getEntries ro>offset:[{EntryNormal 1 1 [] {} [] 0}]
2022/07/23 21:29:15 [DEBUG] DEBUG getEntries: offset==1 lastIndex==1
2022/07/23 21:29:15 [DEBUG] INTO Step1 Phase. message: {MsgPropose 1 1 0 0 0 [data:"some data" ] 0 <nil> false {} [] 0}
2022/07/23 21:29:15 [DEBUG] INTO 2 Phase.
2022/07/23 21:29:15 [DEBUG] DEBUG getEntries ro>offset:[{EntryNormal 1 2 [115 111 109 101 32 100 97 116 97] {} [] 0}]
2022/07/23 21:29:15 [DEBUG] DEBUG getEntries: offset==1 lastIndex==2
2022/07/23 21:29:15 [DEBUG] MsgAppend Next & lastIndex:2 2
2022/07/23 21:29:15 	[DEBUG] Append Entries Msg:{MsgAppend 2 1 1 1 1 [term:1 index:2 data:"some data" ] 1 <nil> false {} [] 0}
2022/07/23 21:29:15 [DEBUG] DEBUG getEntries ro>offset:[{EntryNormal 1 2 [115 111 109 101 32 100 97 116 97] {} [] 0}]
2022/07/23 21:29:15 [DEBUG] DEBUG getEntries: offset==1 lastIndex==2
2022/07/23 21:29:15 [DEBUG] MsgAppend Next & lastIndex:2 2
2022/07/23 21:29:15 	[DEBUG] Append Entries Msg:{MsgAppend 3 1 1 1 1 [term:1 index:2 data:"some data" ] 1 <nil> false {} [] 0}
2022/07/23 21:29:15 [DEBUG] DEBUG getEntries ro>offset:[{EntryNormal 1 2 [115 111 109 101 32 100 97 116 97] {} [] 0}]
2022/07/23 21:29:15 [DEBUG] DEBUG getEntries: offset==1 lastIndex==2
2022/07/23 21:29:15 [DEBUG] MsgAppend Next & lastIndex:2 2
2022/07/23 21:29:15 	[DEBUG] Append Entries Msg:{MsgAppend 4 1 1 1 1 [term:1 index:2 data:"some data" ] 1 <nil> false {} [] 0}
2022/07/23 21:29:15 [DEBUG] DEBUG getEntries ro>offset:[{EntryNormal 1 2 [115 111 109 101 32 100 97 116 97] {} [] 0}]
2022/07/23 21:29:15 [DEBUG] DEBUG getEntries: offset==1 lastIndex==2
2022/07/23 21:29:15 [DEBUG] MsgAppend Next & lastIndex:2 2
2022/07/23 21:29:15 	[DEBUG] Append Entries Msg:{MsgAppend 5 1 1 1 1 [term:1 index:2 data:"some data" ] 1 <nil> false {} [] 0}
2022/07/23 21:29:15 [DEBUG] DEBUG getEntries ro>offset:[{EntryNormal 1 1 [] {} [] 0}]
2022/07/23 21:29:15 [DEBUG] DEBUG getEntries: offset==1 lastIndex==1
2022/07/23 21:29:15 [DEBUG] MsgAppend Next & lastIndex:1 1
2022/07/23 21:29:15 	[DEBUG] Append Entries Msg:{MsgAppend 5 1 1 0 0 [term:1 index:1 ] 0 <nil> false {} [] 0}
2022/07/23 21:29:15 [DEBUG] DEBUG getEntries ro>offset:[{EntryNormal 1 1 [] {} [] 0}]
2022/07/23 21:29:15 [DEBUG] DEBUG getEntries: offset==1 lastIndex==1
2022/07/23 21:29:15 [DEBUG] MsgAppend Next & lastIndex:1 1
2022/07/23 21:29:15 	[DEBUG] Append Entries Msg:{MsgAppend 2 1 1 0 0 [term:1 index:1 ] 0 <nil> false {} [] 0}
2022/07/23 21:29:15 [DEBUG] DEBUG getEntries ro>offset:[{EntryNormal 1 1 [] {} [] 0}]
2022/07/23 21:29:15 [DEBUG] DEBUG getEntries: offset==1 lastIndex==1
2022/07/23 21:29:15 [DEBUG] MsgAppend Next & lastIndex:1 1
2022/07/23 21:29:15 	[DEBUG] Append Entries Msg:{MsgAppend 3 1 1 0 0 [term:1 index:1 ] 0 <nil> false {} [] 0}
2022/07/23 21:29:15 [DEBUG] DEBUG getEntries ro>offset:[{EntryNormal 1 1 [] {} [] 0}]
2022/07/23 21:29:15 [DEBUG] DEBUG getEntries: offset==1 lastIndex==1
2022/07/23 21:29:15 [DEBUG] MsgAppend Next & lastIndex:1 1
2022/07/23 21:29:15 	[DEBUG] Append Entries Msg:{MsgAppend 4 1 1 0 0 [term:1 index:1 ] 0 <nil> false {} [] 0}
2022/07/23 21:29:15 [DEBUG] in BecomeLeader lastIndex:0
2022/07/23 21:29:15 	[DEBUG] Leader Entries:{EntryNormal 1 1 [] {} [] 0}
2022/07/23 21:29:15 [DEBUG] DEBUG getEntries ro>offset:[{EntryNormal 1 1 [] {} [] 0}]
2022/07/23 21:29:15 [DEBUG] DEBUG getEntries: offset==1 lastIndex==1
2022/07/23 21:29:15 [DEBUG] MsgAppend Next & lastIndex:1 1
2022/07/23 21:29:15 	[DEBUG] Append Entries Msg:{MsgAppend 2 1 1 0 0 [term:1 index:1 ] 0 <nil> false {} [] 0}
2022/07/23 21:29:15 [DEBUG] DEBUG getEntries ro>offset:[{EntryNormal 1 1 [] {} [] 0}]
2022/07/23 21:29:15 [DEBUG] DEBUG getEntries: offset==1 lastIndex==1
2022/07/23 21:29:15 [DEBUG] MsgAppend Next & lastIndex:1 1
2022/07/23 21:29:15 	[DEBUG] Append Entries Msg:{MsgAppend 3 1 1 0 0 [term:1 index:1 ] 0 <nil> false {} [] 0}
2022/07/23 21:29:15 [DEBUG] DEBUG getEntries ro>offset:[{EntryNormal 1 1 [] {} [] 0}]
2022/07/23 21:29:15 [DEBUG] DEBUG getEntries: offset==1 lastIndex==1
2022/07/23 21:29:15 [DEBUG] MsgAppend Next & lastIndex:1 1
2022/07/23 21:29:15 	[DEBUG] Append Entries Msg:{MsgAppend 4 1 1 0 0 [term:1 index:1 ] 0 <nil> false {} [] 0}
2022/07/23 21:29:15 [DEBUG] DEBUG getEntries ro>offset:[{EntryNormal 1 1 [] {} [] 0}]
2022/07/23 21:29:15 [DEBUG] DEBUG getEntries: offset==1 lastIndex==1
2022/07/23 21:29:15 [DEBUG] MsgAppend Next & lastIndex:1 1
2022/07/23 21:29:15 	[DEBUG] Append Entries Msg:{MsgAppend 5 1 1 0 0 [term:1 index:1 ] 0 <nil> false {} [] 0}
2022/07/23 21:29:15 {MsgAppend 5 1 1 0 0 [term:1 index:1 ] 0 <nil> false {} [] 0} end
2022/07/23 21:29:15 {MsgAppendResponse 1 5 1 0 1 [] 0 <nil> false {} [] 0} endl
2022/07/23 21:29:15 [DEBUG] INTO Step1 Phase. message: {MsgAppendResponse 1 5 1 0 1 [] 0 <nil> false {} [] 0}
2022/07/23 21:29:15 [DEBUG] INTO 2 Phase.
2022/07/23 21:29:15 {MsgAppend 2 1 1 0 0 [term:1 index:1 ] 0 <nil> false {} [] 0} end
2022/07/23 21:29:15 {MsgAppendResponse 1 2 1 0 1 [] 0 <nil> false {} [] 0} endl
2022/07/23 21:29:15 [DEBUG] INTO Step1 Phase. message: {MsgAppendResponse 1 2 1 0 1 [] 0 <nil> false {} [] 0}
2022/07/23 21:29:15 [DEBUG] INTO 2 Phase.
2022/07/23 21:29:15 [DEBUG] MsgAppend Next & lastIndex:2 1
2022/07/23 21:29:15 	[DEBUG] Append Entries Msg:{MsgAppend 2 1 1 1 1 [] 1 <nil> false {} [] 0}
2022/07/23 21:29:15 [DEBUG] DEBUG getEntries ro>offset:[{EntryNormal 1 1 [] {} [] 0}]
2022/07/23 21:29:15 [DEBUG] DEBUG getEntries: offset==1 lastIndex==1
2022/07/23 21:29:15 [DEBUG] MsgAppend Next & lastIndex:1 1
2022/07/23 21:29:15 	[DEBUG] Append Entries Msg:{MsgAppend 3 1 1 0 0 [term:1 index:1 ] 1 <nil> false {} [] 0}
2022/07/23 21:29:15 [DEBUG] DEBUG getEntries ro>offset:[{EntryNormal 1 1 [] {} [] 0}]
2022/07/23 21:29:15 [DEBUG] DEBUG getEntries: offset==1 lastIndex==1
2022/07/23 21:29:15 [DEBUG] MsgAppend Next & lastIndex:1 1
2022/07/23 21:29:15 	[DEBUG] Append Entries Msg:{MsgAppend 4 1 1 0 0 [term:1 index:1 ] 1 <nil> false {} [] 0}
2022/07/23 21:29:15 [DEBUG] MsgAppend Next & lastIndex:2 1
2022/07/23 21:29:15 	[DEBUG] Append Entries Msg:{MsgAppend 5 1 1 1 1 [] 1 <nil> false {} [] 0}
2022/07/23 21:29:15 {MsgAppend 3 1 1 0 0 [term:1 index:1 ] 0 <nil> false {} [] 0} end
2022/07/23 21:29:15 {MsgAppendResponse 1 3 1 0 1 [] 0 <nil> false {} [] 0} endl
2022/07/23 21:29:15 [DEBUG] INTO Step1 Phase. message: {MsgAppendResponse 1 3 1 0 1 [] 0 <nil> false {} [] 0}
2022/07/23 21:29:15 [DEBUG] INTO 2 Phase.
2022/07/23 21:29:15 {MsgAppend 4 1 1 0 0 [term:1 index:1 ] 0 <nil> false {} [] 0} end
2022/07/23 21:29:15 {MsgAppendResponse 1 4 1 0 1 [] 0 <nil> false {} [] 0} endl
2022/07/23 21:29:15 [DEBUG] INTO Step1 Phase. message: {MsgAppendResponse 1 4 1 0 1 [] 0 <nil> false {} [] 0}
2022/07/23 21:29:15 [DEBUG] INTO 2 Phase.
2022/07/23 21:29:15 {MsgAppend 2 1 1 0 0 [term:1 index:1 ] 0 <nil> false {} [] 0} end
2022/07/23 21:29:15 {MsgAppendResponse 1 2 1 0 1 [] 0 <nil> false {} [] 0} endl
2022/07/23 21:29:15 [DEBUG] INTO Step1 Phase. message: {MsgAppendResponse 1 2 1 0 1 [] 0 <nil> false {} [] 0}
2022/07/23 21:29:15 [DEBUG] INTO 2 Phase.
2022/07/23 21:29:15 {MsgAppend 3 1 1 0 0 [term:1 index:1 ] 0 <nil> false {} [] 0} end
2022/07/23 21:29:15 {MsgAppendResponse 1 3 1 0 1 [] 0 <nil> false {} [] 0} endl
2022/07/23 21:29:15 [DEBUG] INTO Step1 Phase. message: {MsgAppendResponse 1 3 1 0 1 [] 0 <nil> false {} [] 0}
2022/07/23 21:29:15 [DEBUG] INTO 2 Phase.
2022/07/23 21:29:15 {MsgAppend 4 1 1 0 0 [term:1 index:1 ] 0 <nil> false {} [] 0} end
2022/07/23 21:29:15 {MsgAppendResponse 1 4 1 0 1 [] 0 <nil> false {} [] 0} endl
2022/07/23 21:29:15 [DEBUG] INTO Step1 Phase. message: {MsgAppendResponse 1 4 1 0 1 [] 0 <nil> false {} [] 0}
2022/07/23 21:29:15 [DEBUG] INTO 2 Phase.
2022/07/23 21:29:15 {MsgAppend 5 1 1 0 0 [term:1 index:1 ] 0 <nil> false {} [] 0} end
2022/07/23 21:29:15 {MsgAppendResponse 1 5 1 0 1 [] 0 <nil> false {} [] 0} endl
2022/07/23 21:29:15 [DEBUG] INTO Step1 Phase. message: {MsgAppendResponse 1 5 1 0 1 [] 0 <nil> false {} [] 0}
2022/07/23 21:29:15 [DEBUG] INTO 2 Phase.
2022/07/23 21:29:15 [DEBUG] DEBUG getEntries ro>offset:[{EntryNormal 1 1 [] {} [] 0}]
2022/07/23 21:29:15 [DEBUG] DEBUG getEntries: offset==1 lastIndex==1
2022/07/23 21:29:15 [DEBUG] INTO Step1 Phase. message: {MsgPropose 1 1 0 0 0 [data:"some data" ] 0 <nil> false {} [] 0}
2022/07/23 21:29:15 [DEBUG] INTO 2 Phase.
2022/07/23 21:29:15 [DEBUG] DEBUG getEntries ro>offset:[{EntryNormal 1 2 [115 111 109 101 32 100 97 116 97] {} [] 0}]
2022/07/23 21:29:15 [DEBUG] DEBUG getEntries: offset==1 lastIndex==2
2022/07/23 21:29:15 [DEBUG] MsgAppend Next & lastIndex:2 2
2022/07/23 21:29:15 	[DEBUG] Append Entries Msg:{MsgAppend 3 1 1 1 1 [term:1 index:2 data:"some data" ] 1 <nil> false {} [] 0}
2022/07/23 21:29:15 [DEBUG] DEBUG getEntries ro>offset:[{EntryNormal 1 2 [115 111 109 101 32 100 97 116 97] {} [] 0}]
2022/07/23 21:29:15 [DEBUG] DEBUG getEntries: offset==1 lastIndex==2
2022/07/23 21:29:15 [DEBUG] MsgAppend Next & lastIndex:2 2
2022/07/23 21:29:15 	[DEBUG] Append Entries Msg:{MsgAppend 4 1 1 1 1 [term:1 index:2 data:"some data" ] 1 <nil> false {} [] 0}
2022/07/23 21:29:15 [DEBUG] DEBUG getEntries ro>offset:[{EntryNormal 1 2 [115 111 109 101 32 100 97 116 97] {} [] 0}]
2022/07/23 21:29:15 [DEBUG] DEBUG getEntries: offset==1 lastIndex==2
2022/07/23 21:29:15 [DEBUG] MsgAppend Next & lastIndex:2 2
2022/07/23 21:29:15 	[DEBUG] Append Entries Msg:{MsgAppend 5 1 1 1 1 [term:1 index:2 data:"some data" ] 1 <nil> false {} [] 0}
2022/07/23 21:29:15 [DEBUG] DEBUG getEntries ro>offset:[{EntryNormal 1 2 [115 111 109 101 32 100 97 116 97] {} [] 0}]
2022/07/23 21:29:15 [DEBUG] DEBUG getEntries: offset==1 lastIndex==2
2022/07/23 21:29:15 [DEBUG] MsgAppend Next & lastIndex:2 2
2022/07/23 21:29:15 	[DEBUG] Append Entries Msg:{MsgAppend 2 1 1 1 1 [term:1 index:2 data:"some data" ] 1 <nil> false {} [] 0}
2022/07/23 21:29:15 [DEBUG] INTO Step1 Phase. message: {MsgAppendResponse 1 2 1 0 2 [] 0 <nil> false {} [] 0}
2022/07/23 21:29:15 [DEBUG] INTO 2 Phase.
2022/07/23 21:29:15 [DEBUG] DEBUG getEntries ro>offset:[{EntryNormal 1 1 [] {} [] 0}]
2022/07/23 21:29:15 [DEBUG] DEBUG getEntries: offset==1 lastIndex==1
2022/07/23 21:29:15 [DEBUG] MsgAppend Next & lastIndex:1 1
2022/07/23 21:29:15 	[DEBUG] Append Entries Msg:{MsgAppend 2 1 1 0 0 [term:1 index:1 ] 0 <nil> false {} [] 0}
2022/07/23 21:29:15 [DEBUG] DEBUG getEntries ro>offset:[{EntryNormal 1 1 [] {} [] 0}]
2022/07/23 21:29:15 [DEBUG] DEBUG getEntries: offset==1 lastIndex==1
2022/07/23 21:29:15 [DEBUG] MsgAppend Next & lastIndex:1 1
2022/07/23 21:29:15 	[DEBUG] Append Entries Msg:{MsgAppend 3 1 1 0 0 [term:1 index:1 ] 0 <nil> false {} [] 0}
2022/07/23 21:29:15 [DEBUG] DEBUG getEntries ro>offset:[{EntryNormal 1 1 [] {} [] 0}]
2022/07/23 21:29:15 [DEBUG] DEBUG getEntries: offset==1 lastIndex==1
2022/07/23 21:29:15 [DEBUG] MsgAppend Next & lastIndex:1 1
2022/07/23 21:29:15 	[DEBUG] Append Entries Msg:{MsgAppend 4 1 1 0 0 [term:1 index:1 ] 0 <nil> false {} [] 0}
2022/07/23 21:29:15 [DEBUG] DEBUG getEntries ro>offset:[{EntryNormal 1 1 [] {} [] 0}]
2022/07/23 21:29:15 [DEBUG] DEBUG getEntries: offset==1 lastIndex==1
2022/07/23 21:29:15 [DEBUG] MsgAppend Next & lastIndex:1 1
2022/07/23 21:29:15 	[DEBUG] Append Entries Msg:{MsgAppend 5 1 1 0 0 [term:1 index:1 ] 0 <nil> false {} [] 0}
2022/07/23 21:29:15 [DEBUG] in BecomeLeader lastIndex:0
2022/07/23 21:29:15 	[DEBUG] Leader Entries:{EntryNormal 1 1 [] {} [] 0}
2022/07/23 21:29:15 [DEBUG] DEBUG getEntries ro>offset:[{EntryNormal 1 1 [] {} [] 0}]
2022/07/23 21:29:15 [DEBUG] DEBUG getEntries: offset==1 lastIndex==1
2022/07/23 21:29:15 [DEBUG] MsgAppend Next & lastIndex:1 1
2022/07/23 21:29:15 	[DEBUG] Append Entries Msg:{MsgAppend 5 1 1 0 0 [term:1 index:1 ] 0 <nil> false {} [] 0}
2022/07/23 21:29:15 [DEBUG] DEBUG getEntries ro>offset:[{EntryNormal 1 1 [] {} [] 0}]
2022/07/23 21:29:15 [DEBUG] DEBUG getEntries: offset==1 lastIndex==1
2022/07/23 21:29:15 [DEBUG] MsgAppend Next & lastIndex:1 1
2022/07/23 21:29:15 	[DEBUG] Append Entries Msg:{MsgAppend 2 1 1 0 0 [term:1 index:1 ] 0 <nil> false {} [] 0}
2022/07/23 21:29:15 [DEBUG] DEBUG getEntries ro>offset:[{EntryNormal 1 1 [] {} [] 0}]
2022/07/23 21:29:15 [DEBUG] DEBUG getEntries: offset==1 lastIndex==1
2022/07/23 21:29:15 [DEBUG] MsgAppend Next & lastIndex:1 1
2022/07/23 21:29:15 	[DEBUG] Append Entries Msg:{MsgAppend 3 1 1 0 0 [term:1 index:1 ] 0 <nil> false {} [] 0}
2022/07/23 21:29:15 [DEBUG] DEBUG getEntries ro>offset:[{EntryNormal 1 1 [] {} [] 0}]
2022/07/23 21:29:15 [DEBUG] DEBUG getEntries: offset==1 lastIndex==1
2022/07/23 21:29:15 [DEBUG] MsgAppend Next & lastIndex:1 1
2022/07/23 21:29:15 	[DEBUG] Append Entries Msg:{MsgAppend 4 1 1 0 0 [term:1 index:1 ] 0 <nil> false {} [] 0}
2022/07/23 21:29:15 {MsgAppend 2 1 1 0 0 [term:1 index:1 ] 0 <nil> false {} [] 0} end
2022/07/23 21:29:15 {MsgAppendResponse 1 2 1 0 1 [] 0 <nil> false {} [] 0} endl
2022/07/23 21:29:15 [DEBUG] INTO Step1 Phase. message: {MsgAppendResponse 1 2 1 0 1 [] 0 <nil> false {} [] 0}
2022/07/23 21:29:15 [DEBUG] INTO 2 Phase.
2022/07/23 21:29:15 {MsgAppend 3 1 1 0 0 [term:1 index:1 ] 0 <nil> false {} [] 0} end
2022/07/23 21:29:15 {MsgAppendResponse 1 3 1 0 1 [] 0 <nil> false {} [] 0} endl
2022/07/23 21:29:15 [DEBUG] INTO Step1 Phase. message: {MsgAppendResponse 1 3 1 0 1 [] 0 <nil> false {} [] 0}
2022/07/23 21:29:15 [DEBUG] INTO 2 Phase.
2022/07/23 21:29:15 [DEBUG] MsgAppend Next & lastIndex:2 1
2022/07/23 21:29:15 	[DEBUG] Append Entries Msg:{MsgAppend 2 1 1 1 1 [] 1 <nil> false {} [] 0}
2022/07/23 21:29:15 [DEBUG] MsgAppend Next & lastIndex:2 1
2022/07/23 21:29:15 	[DEBUG] Append Entries Msg:{MsgAppend 3 1 1 1 1 [] 1 <nil> false {} [] 0}
2022/07/23 21:29:15 [DEBUG] DEBUG getEntries ro>offset:[{EntryNormal 1 1 [] {} [] 0}]
2022/07/23 21:29:15 [DEBUG] DEBUG getEntries: offset==1 lastIndex==1
2022/07/23 21:29:15 [DEBUG] MsgAppend Next & lastIndex:1 1
2022/07/23 21:29:15 	[DEBUG] Append Entries Msg:{MsgAppend 4 1 1 0 0 [term:1 index:1 ] 1 <nil> false {} [] 0}
2022/07/23 21:29:15 [DEBUG] DEBUG getEntries ro>offset:[{EntryNormal 1 1 [] {} [] 0}]
2022/07/23 21:29:15 [DEBUG] DEBUG getEntries: offset==1 lastIndex==1
2022/07/23 21:29:15 [DEBUG] MsgAppend Next & lastIndex:1 1
2022/07/23 21:29:15 	[DEBUG] Append Entries Msg:{MsgAppend 5 1 1 0 0 [term:1 index:1 ] 1 <nil> false {} [] 0}
2022/07/23 21:29:15 {MsgAppend 4 1 1 0 0 [term:1 index:1 ] 0 <nil> false {} [] 0} end
2022/07/23 21:29:15 {MsgAppendResponse 1 4 1 0 1 [] 0 <nil> false {} [] 0} endl
2022/07/23 21:29:15 [DEBUG] INTO Step1 Phase. message: {MsgAppendResponse 1 4 1 0 1 [] 0 <nil> false {} [] 0}
2022/07/23 21:29:15 [DEBUG] INTO 2 Phase.
2022/07/23 21:29:15 {MsgAppend 5 1 1 0 0 [term:1 index:1 ] 0 <nil> false {} [] 0} end
2022/07/23 21:29:15 {MsgAppendResponse 1 5 1 0 1 [] 0 <nil> false {} [] 0} endl
2022/07/23 21:29:15 [DEBUG] INTO Step1 Phase. message: {MsgAppendResponse 1 5 1 0 1 [] 0 <nil> false {} [] 0}
2022/07/23 21:29:15 [DEBUG] INTO 2 Phase.
2022/07/23 21:29:15 {MsgAppend 5 1 1 0 0 [term:1 index:1 ] 0 <nil> false {} [] 0} end
2022/07/23 21:29:15 {MsgAppendResponse 1 5 1 0 1 [] 0 <nil> false {} [] 0} endl
2022/07/23 21:29:15 [DEBUG] INTO Step1 Phase. message: {MsgAppendResponse 1 5 1 0 1 [] 0 <nil> false {} [] 0}
2022/07/23 21:29:15 [DEBUG] INTO 2 Phase.
2022/07/23 21:29:15 {MsgAppend 2 1 1 0 0 [term:1 index:1 ] 0 <nil> false {} [] 0} end
2022/07/23 21:29:15 {MsgAppendResponse 1 2 1 0 1 [] 0 <nil> false {} [] 0} endl
2022/07/23 21:29:15 [DEBUG] INTO Step1 Phase. message: {MsgAppendResponse 1 2 1 0 1 [] 0 <nil> false {} [] 0}
2022/07/23 21:29:15 [DEBUG] INTO 2 Phase.
2022/07/23 21:29:15 {MsgAppend 3 1 1 0 0 [term:1 index:1 ] 0 <nil> false {} [] 0} end
2022/07/23 21:29:15 {MsgAppendResponse 1 3 1 0 1 [] 0 <nil> false {} [] 0} endl
2022/07/23 21:29:15 [DEBUG] INTO Step1 Phase. message: {MsgAppendResponse 1 3 1 0 1 [] 0 <nil> false {} [] 0}
2022/07/23 21:29:15 [DEBUG] INTO 2 Phase.
2022/07/23 21:29:15 {MsgAppend 4 1 1 0 0 [term:1 index:1 ] 0 <nil> false {} [] 0} end
2022/07/23 21:29:15 {MsgAppendResponse 1 4 1 0 1 [] 0 <nil> false {} [] 0} endl
2022/07/23 21:29:15 [DEBUG] INTO Step1 Phase. message: {MsgAppendResponse 1 4 1 0 1 [] 0 <nil> false {} [] 0}
2022/07/23 21:29:15 [DEBUG] INTO 2 Phase.
2022/07/23 21:29:15 [DEBUG] DEBUG getEntries ro>offset:[{EntryNormal 1 1 [] {} [] 0}]
2022/07/23 21:29:15 [DEBUG] DEBUG getEntries: offset==1 lastIndex==1
2022/07/23 21:29:15 [DEBUG] INTO Step1 Phase. message: {MsgPropose 1 1 0 0 0 [data:"some data" ] 0 <nil> false {} [] 0}
2022/07/23 21:29:15 [DEBUG] INTO 2 Phase.
2022/07/23 21:29:15 [DEBUG] DEBUG getEntries ro>offset:[{EntryNormal 1 2 [115 111 109 101 32 100 97 116 97] {} [] 0}]
2022/07/23 21:29:15 [DEBUG] DEBUG getEntries: offset==1 lastIndex==2
2022/07/23 21:29:15 [DEBUG] MsgAppend Next & lastIndex:2 2
2022/07/23 21:29:15 	[DEBUG] Append Entries Msg:{MsgAppend 5 1 1 1 1 [term:1 index:2 data:"some data" ] 1 <nil> false {} [] 0}
2022/07/23 21:29:15 [DEBUG] DEBUG getEntries ro>offset:[{EntryNormal 1 2 [115 111 109 101 32 100 97 116 97] {} [] 0}]
2022/07/23 21:29:15 [DEBUG] DEBUG getEntries: offset==1 lastIndex==2
2022/07/23 21:29:15 [DEBUG] MsgAppend Next & lastIndex:2 2
2022/07/23 21:29:15 	[DEBUG] Append Entries Msg:{MsgAppend 2 1 1 1 1 [term:1 index:2 data:"some data" ] 1 <nil> false {} [] 0}
2022/07/23 21:29:15 [DEBUG] DEBUG getEntries ro>offset:[{EntryNormal 1 2 [115 111 109 101 32 100 97 116 97] {} [] 0}]
2022/07/23 21:29:15 [DEBUG] DEBUG getEntries: offset==1 lastIndex==2
2022/07/23 21:29:15 [DEBUG] MsgAppend Next & lastIndex:2 2
2022/07/23 21:29:15 	[DEBUG] Append Entries Msg:{MsgAppend 3 1 1 1 1 [term:1 index:2 data:"some data" ] 1 <nil> false {} [] 0}
2022/07/23 21:29:15 [DEBUG] DEBUG getEntries ro>offset:[{EntryNormal 1 2 [115 111 109 101 32 100 97 116 97] {} [] 0}]
2022/07/23 21:29:15 [DEBUG] DEBUG getEntries: offset==1 lastIndex==2
2022/07/23 21:29:15 [DEBUG] MsgAppend Next & lastIndex:2 2
2022/07/23 21:29:15 	[DEBUG] Append Entries Msg:{MsgAppend 4 1 1 1 1 [term:1 index:2 data:"some data" ] 1 <nil> false {} [] 0}
2022/07/23 21:29:15 [DEBUG] INTO Step1 Phase. message: {MsgAppendResponse 1 2 1 0 2 [] 0 <nil> false {} [] 0}
2022/07/23 21:29:15 [DEBUG] INTO 2 Phase.
2022/07/23 21:29:15 [DEBUG] INTO Step1 Phase. message: {MsgAppendResponse 1 3 1 0 2 [] 0 <nil> false {} [] 0}
2022/07/23 21:29:15 [DEBUG] INTO 2 Phase.
2022/07/23 21:29:15 [DEBUG] MsgAppend Next & lastIndex:3 2
2022/07/23 21:29:15 	[DEBUG] Append Entries Msg:{MsgAppend 2 1 1 1 2 [] 2 <nil> false {} [] 0}
2022/07/23 21:29:15 [DEBUG] MsgAppend Next & lastIndex:3 2
2022/07/23 21:29:15 	[DEBUG] Append Entries Msg:{MsgAppend 3 1 1 1 2 [] 2 <nil> false {} [] 0}
2022/07/23 21:29:15 [DEBUG] DEBUG getEntries ro>offset:[{EntryNormal 1 2 [115 111 109 101 32 100 97 116 97] {} [] 0}]
2022/07/23 21:29:15 [DEBUG] DEBUG getEntries: offset==1 lastIndex==2
2022/07/23 21:29:15 [DEBUG] MsgAppend Next & lastIndex:2 2
2022/07/23 21:29:15 	[DEBUG] Append Entries Msg:{MsgAppend 4 1 1 1 1 [term:1 index:2 data:"some data" ] 2 <nil> false {} [] 0}
2022/07/23 21:29:15 [DEBUG] DEBUG getEntries ro>offset:[{EntryNormal 1 2 [115 111 109 101 32 100 97 116 97] {} [] 0}]
2022/07/23 21:29:15 [DEBUG] DEBUG getEntries: offset==1 lastIndex==2
2022/07/23 21:29:15 [DEBUG] MsgAppend Next & lastIndex:2 2
2022/07/23 21:29:15 	[DEBUG] Append Entries Msg:{MsgAppend 5 1 1 1 1 [term:1 index:2 data:"some data" ] 2 <nil> false {} [] 0}
2022/07/23 21:29:15 [DEBUG] DEBUG getEntries ro>offset:[{EntryNormal 1 1 [] {} [] 0}]
2022/07/23 21:29:15 [DEBUG] DEBUG getEntries: offset==1 lastIndex==1
2022/07/23 21:29:15 [DEBUG] MsgAppend Next & lastIndex:1 1
2022/07/23 21:29:15 	[DEBUG] Append Entries Msg:{MsgAppend 2 1 1 0 0 [term:1 index:1 ] 0 <nil> false {} [] 0}
2022/07/23 21:29:15 [DEBUG] DEBUG getEntries ro>offset:[{EntryNormal 1 1 [] {} [] 0}]
2022/07/23 21:29:15 [DEBUG] DEBUG getEntries: offset==1 lastIndex==1
2022/07/23 21:29:15 [DEBUG] MsgAppend Next & lastIndex:1 1
2022/07/23 21:29:15 	[DEBUG] Append Entries Msg:{MsgAppend 3 1 1 0 0 [term:1 index:1 ] 0 <nil> false {} [] 0}
2022/07/23 21:29:15 [DEBUG] DEBUG getEntries ro>offset:[{EntryNormal 1 1 [] {} [] 0}]
2022/07/23 21:29:15 [DEBUG] DEBUG getEntries: offset==1 lastIndex==1
2022/07/23 21:29:15 [DEBUG] MsgAppend Next & lastIndex:1 1
2022/07/23 21:29:15 	[DEBUG] Append Entries Msg:{MsgAppend 4 1 1 0 0 [term:1 index:1 ] 0 <nil> false {} [] 0}
2022/07/23 21:29:15 [DEBUG] DEBUG getEntries ro>offset:[{EntryNormal 1 1 [] {} [] 0}]
2022/07/23 21:29:15 [DEBUG] DEBUG getEntries: offset==1 lastIndex==1
2022/07/23 21:29:15 [DEBUG] MsgAppend Next & lastIndex:1 1
2022/07/23 21:29:15 	[DEBUG] Append Entries Msg:{MsgAppend 5 1 1 0 0 [term:1 index:1 ] 0 <nil> false {} [] 0}
2022/07/23 21:29:15 [DEBUG] in BecomeLeader lastIndex:0
2022/07/23 21:29:15 	[DEBUG] Leader Entries:{EntryNormal 1 1 [] {} [] 0}
2022/07/23 21:29:15 [DEBUG] DEBUG getEntries ro>offset:[{EntryNormal 1 1 [] {} [] 0}]
2022/07/23 21:29:15 [DEBUG] DEBUG getEntries: offset==1 lastIndex==1
2022/07/23 21:29:15 [DEBUG] MsgAppend Next & lastIndex:1 1
2022/07/23 21:29:15 	[DEBUG] Append Entries Msg:{MsgAppend 2 1 1 0 0 [term:1 index:1 ] 0 <nil> false {} [] 0}
2022/07/23 21:29:15 [DEBUG] DEBUG getEntries ro>offset:[{EntryNormal 1 1 [] {} [] 0}]
2022/07/23 21:29:15 [DEBUG] DEBUG getEntries: offset==1 lastIndex==1
2022/07/23 21:29:15 [DEBUG] MsgAppend Next & lastIndex:1 1
2022/07/23 21:29:15 	[DEBUG] Append Entries Msg:{MsgAppend 3 1 1 0 0 [term:1 index:1 ] 0 <nil> false {} [] 0}
2022/07/23 21:29:15 [DEBUG] DEBUG getEntries ro>offset:[{EntryNormal 1 1 [] {} [] 0}]
2022/07/23 21:29:15 [DEBUG] DEBUG getEntries: offset==1 lastIndex==1
2022/07/23 21:29:15 [DEBUG] MsgAppend Next & lastIndex:1 1
2022/07/23 21:29:15 	[DEBUG] Append Entries Msg:{MsgAppend 4 1 1 0 0 [term:1 index:1 ] 0 <nil> false {} [] 0}
2022/07/23 21:29:15 [DEBUG] DEBUG getEntries ro>offset:[{EntryNormal 1 1 [] {} [] 0}]
2022/07/23 21:29:15 [DEBUG] DEBUG getEntries: offset==1 lastIndex==1
2022/07/23 21:29:15 [DEBUG] MsgAppend Next & lastIndex:1 1
2022/07/23 21:29:15 	[DEBUG] Append Entries Msg:{MsgAppend 5 1 1 0 0 [term:1 index:1 ] 0 <nil> false {} [] 0}
2022/07/23 21:29:15 {MsgAppend 2 1 1 0 0 [term:1 index:1 ] 0 <nil> false {} [] 0} end
2022/07/23 21:29:15 {MsgAppendResponse 1 2 1 0 1 [] 0 <nil> false {} [] 0} endl
2022/07/23 21:29:15 [DEBUG] INTO Step1 Phase. message: {MsgAppendResponse 1 2 1 0 1 [] 0 <nil> false {} [] 0}
2022/07/23 21:29:15 [DEBUG] INTO 2 Phase.
2022/07/23 21:29:15 {MsgAppend 3 1 1 0 0 [term:1 index:1 ] 0 <nil> false {} [] 0} end
2022/07/23 21:29:15 {MsgAppendResponse 1 3 1 0 1 [] 0 <nil> false {} [] 0} endl
2022/07/23 21:29:15 [DEBUG] INTO Step1 Phase. message: {MsgAppendResponse 1 3 1 0 1 [] 0 <nil> false {} [] 0}
2022/07/23 21:29:15 [DEBUG] INTO 2 Phase.
2022/07/23 21:29:15 [DEBUG] MsgAppend Next & lastIndex:2 1
2022/07/23 21:29:15 	[DEBUG] Append Entries Msg:{MsgAppend 2 1 1 1 1 [] 1 <nil> false {} [] 0}
2022/07/23 21:29:15 [DEBUG] MsgAppend Next & lastIndex:2 1
2022/07/23 21:29:15 	[DEBUG] Append Entries Msg:{MsgAppend 3 1 1 1 1 [] 1 <nil> false {} [] 0}
2022/07/23 21:29:15 [DEBUG] DEBUG getEntries ro>offset:[{EntryNormal 1 1 [] {} [] 0}]
2022/07/23 21:29:15 [DEBUG] DEBUG getEntries: offset==1 lastIndex==1
2022/07/23 21:29:15 [DEBUG] MsgAppend Next & lastIndex:1 1
2022/07/23 21:29:15 	[DEBUG] Append Entries Msg:{MsgAppend 4 1 1 0 0 [term:1 index:1 ] 1 <nil> false {} [] 0}
2022/07/23 21:29:15 [DEBUG] DEBUG getEntries ro>offset:[{EntryNormal 1 1 [] {} [] 0}]
2022/07/23 21:29:15 [DEBUG] DEBUG getEntries: offset==1 lastIndex==1
2022/07/23 21:29:15 [DEBUG] MsgAppend Next & lastIndex:1 1
2022/07/23 21:29:15 	[DEBUG] Append Entries Msg:{MsgAppend 5 1 1 0 0 [term:1 index:1 ] 1 <nil> false {} [] 0}
2022/07/23 21:29:15 {MsgAppend 4 1 1 0 0 [term:1 index:1 ] 0 <nil> false {} [] 0} end
2022/07/23 21:29:15 {MsgAppendResponse 1 4 1 0 1 [] 0 <nil> false {} [] 0} endl
2022/07/23 21:29:15 [DEBUG] INTO Step1 Phase. message: {MsgAppendResponse 1 4 1 0 1 [] 0 <nil> false {} [] 0}
2022/07/23 21:29:15 [DEBUG] INTO 2 Phase.
2022/07/23 21:29:15 {MsgAppend 5 1 1 0 0 [term:1 index:1 ] 0 <nil> false {} [] 0} end
2022/07/23 21:29:15 {MsgAppendResponse 1 5 1 0 1 [] 0 <nil> false {} [] 0} endl
2022/07/23 21:29:15 [DEBUG] INTO Step1 Phase. message: {MsgAppendResponse 1 5 1 0 1 [] 0 <nil> false {} [] 0}
2022/07/23 21:29:15 [DEBUG] INTO 2 Phase.
2022/07/23 21:29:15 {MsgAppend 2 1 1 0 0 [term:1 index:1 ] 0 <nil> false {} [] 0} end
2022/07/23 21:29:15 {MsgAppendResponse 1 2 1 0 1 [] 0 <nil> false {} [] 0} endl
2022/07/23 21:29:15 [DEBUG] INTO Step1 Phase. message: {MsgAppendResponse 1 2 1 0 1 [] 0 <nil> false {} [] 0}
2022/07/23 21:29:15 [DEBUG] INTO 2 Phase.
2022/07/23 21:29:15 {MsgAppend 3 1 1 0 0 [term:1 index:1 ] 0 <nil> false {} [] 0} end
2022/07/23 21:29:15 {MsgAppendResponse 1 3 1 0 1 [] 0 <nil> false {} [] 0} endl
2022/07/23 21:29:15 [DEBUG] INTO Step1 Phase. message: {MsgAppendResponse 1 3 1 0 1 [] 0 <nil> false {} [] 0}
2022/07/23 21:29:15 [DEBUG] INTO 2 Phase.
2022/07/23 21:29:15 {MsgAppend 4 1 1 0 0 [term:1 index:1 ] 0 <nil> false {} [] 0} end
2022/07/23 21:29:15 {MsgAppendResponse 1 4 1 0 1 [] 0 <nil> false {} [] 0} endl
2022/07/23 21:29:15 [DEBUG] INTO Step1 Phase. message: {MsgAppendResponse 1 4 1 0 1 [] 0 <nil> false {} [] 0}
2022/07/23 21:29:15 [DEBUG] INTO 2 Phase.
2022/07/23 21:29:15 {MsgAppend 5 1 1 0 0 [term:1 index:1 ] 0 <nil> false {} [] 0} end
2022/07/23 21:29:15 {MsgAppendResponse 1 5 1 0 1 [] 0 <nil> false {} [] 0} endl
2022/07/23 21:29:15 [DEBUG] INTO Step1 Phase. message: {MsgAppendResponse 1 5 1 0 1 [] 0 <nil> false {} [] 0}
2022/07/23 21:29:15 [DEBUG] INTO 2 Phase.
2022/07/23 21:29:15 [DEBUG] DEBUG getEntries ro>offset:[{EntryNormal 1 1 [] {} [] 0}]
2022/07/23 21:29:15 [DEBUG] DEBUG getEntries: offset==1 lastIndex==1
2022/07/23 21:29:15 [DEBUG] INTO Step1 Phase. message: {MsgPropose 1 1 0 0 0 [data:"some data" ] 0 <nil> false {} [] 0}
2022/07/23 21:29:15 [DEBUG] INTO 2 Phase.
2022/07/23 21:29:15 [DEBUG] DEBUG getEntries ro>offset:[{EntryNormal 1 2 [115 111 109 101 32 100 97 116 97] {} [] 0}]
2022/07/23 21:29:15 [DEBUG] DEBUG getEntries: offset==1 lastIndex==2
2022/07/23 21:29:15 [DEBUG] MsgAppend Next & lastIndex:2 2
2022/07/23 21:29:15 	[DEBUG] Append Entries Msg:{MsgAppend 2 1 1 1 1 [term:1 index:2 data:"some data" ] 1 <nil> false {} [] 0}
2022/07/23 21:29:15 [DEBUG] DEBUG getEntries ro>offset:[{EntryNormal 1 2 [115 111 109 101 32 100 97 116 97] {} [] 0}]
2022/07/23 21:29:15 [DEBUG] DEBUG getEntries: offset==1 lastIndex==2
2022/07/23 21:29:15 [DEBUG] MsgAppend Next & lastIndex:2 2
2022/07/23 21:29:15 	[DEBUG] Append Entries Msg:{MsgAppend 3 1 1 1 1 [term:1 index:2 data:"some data" ] 1 <nil> false {} [] 0}
2022/07/23 21:29:15 [DEBUG] DEBUG getEntries ro>offset:[{EntryNormal 1 2 [115 111 109 101 32 100 97 116 97] {} [] 0}]
2022/07/23 21:29:15 [DEBUG] DEBUG getEntries: offset==1 lastIndex==2
2022/07/23 21:29:15 [DEBUG] MsgAppend Next & lastIndex:2 2
2022/07/23 21:29:15 	[DEBUG] Append Entries Msg:{MsgAppend 4 1 1 1 1 [term:1 index:2 data:"some data" ] 1 <nil> false {} [] 0}
2022/07/23 21:29:15 [DEBUG] DEBUG getEntries ro>offset:[{EntryNormal 1 2 [115 111 109 101 32 100 97 116 97] {} [] 0}]
2022/07/23 21:29:15 [DEBUG] DEBUG getEntries: offset==1 lastIndex==2
2022/07/23 21:29:15 [DEBUG] MsgAppend Next & lastIndex:2 2
2022/07/23 21:29:15 	[DEBUG] Append Entries Msg:{MsgAppend 5 1 1 1 1 [term:1 index:2 data:"some data" ] 1 <nil> false {} [] 0}
2022/07/23 21:29:15 [DEBUG] INTO Step1 Phase. message: {MsgAppendResponse 1 2 1 0 2 [] 0 <nil> false {} [] 0}
2022/07/23 21:29:15 [DEBUG] INTO 2 Phase.
2022/07/23 21:29:15 [DEBUG] INTO Step1 Phase. message: {MsgAppendResponse 1 3 1 0 2 [] 0 <nil> false {} [] 0}
2022/07/23 21:29:15 [DEBUG] INTO 2 Phase.
2022/07/23 21:29:15 [DEBUG] MsgAppend Next & lastIndex:3 2
2022/07/23 21:29:15 	[DEBUG] Append Entries Msg:{MsgAppend 2 1 1 1 2 [] 2 <nil> false {} [] 0}
2022/07/23 21:29:15 [DEBUG] MsgAppend Next & lastIndex:3 2
2022/07/23 21:29:15 	[DEBUG] Append Entries Msg:{MsgAppend 3 1 1 1 2 [] 2 <nil> false {} [] 0}
2022/07/23 21:29:15 [DEBUG] DEBUG getEntries ro>offset:[{EntryNormal 1 2 [115 111 109 101 32 100 97 116 97] {} [] 0}]
2022/07/23 21:29:15 [DEBUG] DEBUG getEntries: offset==1 lastIndex==2
2022/07/23 21:29:15 [DEBUG] MsgAppend Next & lastIndex:2 2
2022/07/23 21:29:15 	[DEBUG] Append Entries Msg:{MsgAppend 4 1 1 1 1 [term:1 index:2 data:"some data" ] 2 <nil> false {} [] 0}
2022/07/23 21:29:15 [DEBUG] DEBUG getEntries ro>offset:[{EntryNormal 1 2 [115 111 109 101 32 100 97 116 97] {} [] 0}]
2022/07/23 21:29:15 [DEBUG] DEBUG getEntries: offset==1 lastIndex==2
2022/07/23 21:29:15 [DEBUG] MsgAppend Next & lastIndex:2 2
2022/07/23 21:29:15 	[DEBUG] Append Entries Msg:{MsgAppend 5 1 1 1 1 [term:1 index:2 data:"some data" ] 2 <nil> false {} [] 0}
2022/07/23 21:29:15 [DEBUG] INTO Step1 Phase. message: {MsgAppendResponse 1 4 1 0 2 [] 0 <nil> false {} [] 0}
2022/07/23 21:29:15 [DEBUG] INTO 2 Phase.
2022/07/23 21:29:15 [DEBUG] DEBUG getEntries ro>offset:[{EntryNormal 1 1 [] {} [] 0}]
2022/07/23 21:29:15 [DEBUG] DEBUG getEntries: offset==1 lastIndex==1
2022/07/23 21:29:15 [DEBUG] MsgAppend Next & lastIndex:1 1
2022/07/23 21:29:15 	[DEBUG] Append Entries Msg:{MsgAppend 2 1 1 0 0 [term:1 index:1 ] 0 <nil> false {} [] 0}
2022/07/23 21:29:15 [DEBUG] DEBUG getEntries ro>offset:[{EntryNormal 1 1 [] {} [] 0}]
2022/07/23 21:29:15 [DEBUG] DEBUG getEntries: offset==1 lastIndex==1
2022/07/23 21:29:15 [DEBUG] MsgAppend Next & lastIndex:1 1
2022/07/23 21:29:15 	[DEBUG] Append Entries Msg:{MsgAppend 3 1 1 0 0 [term:1 index:1 ] 0 <nil> false {} [] 0}
2022/07/23 21:29:15 [DEBUG] DEBUG getEntries ro>offset:[{EntryNormal 1 1 [] {} [] 0}]
2022/07/23 21:29:15 [DEBUG] DEBUG getEntries: offset==1 lastIndex==1
2022/07/23 21:29:15 [DEBUG] MsgAppend Next & lastIndex:1 1
2022/07/23 21:29:15 	[DEBUG] Append Entries Msg:{MsgAppend 4 1 1 0 0 [term:1 index:1 ] 0 <nil> false {} [] 0}
2022/07/23 21:29:15 [DEBUG] DEBUG getEntries ro>offset:[{EntryNormal 1 1 [] {} [] 0}]
2022/07/23 21:29:15 [DEBUG] DEBUG getEntries: offset==1 lastIndex==1
2022/07/23 21:29:15 [DEBUG] MsgAppend Next & lastIndex:1 1
2022/07/23 21:29:15 	[DEBUG] Append Entries Msg:{MsgAppend 5 1 1 0 0 [term:1 index:1 ] 0 <nil> false {} [] 0}
2022/07/23 21:29:15 [DEBUG] in BecomeLeader lastIndex:0
2022/07/23 21:29:15 	[DEBUG] Leader Entries:{EntryNormal 1 1 [] {} [] 0}
2022/07/23 21:29:15 [DEBUG] DEBUG getEntries ro>offset:[{EntryNormal 1 1 [] {} [] 0}]
2022/07/23 21:29:15 [DEBUG] DEBUG getEntries: offset==1 lastIndex==1
2022/07/23 21:29:15 [DEBUG] MsgAppend Next & lastIndex:1 1
2022/07/23 21:29:15 	[DEBUG] Append Entries Msg:{MsgAppend 2 1 1 0 0 [term:1 index:1 ] 0 <nil> false {} [] 0}
2022/07/23 21:29:15 [DEBUG] DEBUG getEntries ro>offset:[{EntryNormal 1 1 [] {} [] 0}]
2022/07/23 21:29:15 [DEBUG] DEBUG getEntries: offset==1 lastIndex==1
2022/07/23 21:29:15 [DEBUG] MsgAppend Next & lastIndex:1 1
2022/07/23 21:29:15 	[DEBUG] Append Entries Msg:{MsgAppend 3 1 1 0 0 [term:1 index:1 ] 0 <nil> false {} [] 0}
2022/07/23 21:29:15 [DEBUG] DEBUG getEntries ro>offset:[{EntryNormal 1 1 [] {} [] 0}]
2022/07/23 21:29:15 [DEBUG] DEBUG getEntries: offset==1 lastIndex==1
2022/07/23 21:29:15 [DEBUG] MsgAppend Next & lastIndex:1 1
2022/07/23 21:29:15 	[DEBUG] Append Entries Msg:{MsgAppend 4 1 1 0 0 [term:1 index:1 ] 0 <nil> false {} [] 0}
2022/07/23 21:29:15 [DEBUG] DEBUG getEntries ro>offset:[{EntryNormal 1 1 [] {} [] 0}]
2022/07/23 21:29:15 [DEBUG] DEBUG getEntries: offset==1 lastIndex==1
2022/07/23 21:29:15 [DEBUG] MsgAppend Next & lastIndex:1 1
2022/07/23 21:29:15 	[DEBUG] Append Entries Msg:{MsgAppend 5 1 1 0 0 [term:1 index:1 ] 0 <nil> false {} [] 0}
2022/07/23 21:29:15 {MsgAppend 2 1 1 0 0 [term:1 index:1 ] 0 <nil> false {} [] 0} end
2022/07/23 21:29:15 {MsgAppendResponse 1 2 1 0 1 [] 0 <nil> false {} [] 0} endl
2022/07/23 21:29:15 [DEBUG] INTO Step1 Phase. message: {MsgAppendResponse 1 2 1 0 1 [] 0 <nil> false {} [] 0}
2022/07/23 21:29:15 [DEBUG] INTO 2 Phase.
2022/07/23 21:29:15 {MsgAppend 3 1 1 0 0 [term:1 index:1 ] 0 <nil> false {} [] 0} end
2022/07/23 21:29:15 {MsgAppendResponse 1 3 1 0 1 [] 0 <nil> false {} [] 0} endl
2022/07/23 21:29:15 [DEBUG] INTO Step1 Phase. message: {MsgAppendResponse 1 3 1 0 1 [] 0 <nil> false {} [] 0}
2022/07/23 21:29:15 [DEBUG] INTO 2 Phase.
2022/07/23 21:29:15 [DEBUG] MsgAppend Next & lastIndex:2 1
2022/07/23 21:29:15 	[DEBUG] Append Entries Msg:{MsgAppend 2 1 1 1 1 [] 1 <nil> false {} [] 0}
2022/07/23 21:29:15 [DEBUG] MsgAppend Next & lastIndex:2 1
2022/07/23 21:29:15 	[DEBUG] Append Entries Msg:{MsgAppend 3 1 1 1 1 [] 1 <nil> false {} [] 0}
2022/07/23 21:29:15 [DEBUG] DEBUG getEntries ro>offset:[{EntryNormal 1 1 [] {} [] 0}]
2022/07/23 21:29:15 [DEBUG] DEBUG getEntries: offset==1 lastIndex==1
2022/07/23 21:29:15 [DEBUG] MsgAppend Next & lastIndex:1 1
2022/07/23 21:29:15 	[DEBUG] Append Entries Msg:{MsgAppend 4 1 1 0 0 [term:1 index:1 ] 1 <nil> false {} [] 0}
2022/07/23 21:29:15 [DEBUG] DEBUG getEntries ro>offset:[{EntryNormal 1 1 [] {} [] 0}]
2022/07/23 21:29:15 [DEBUG] DEBUG getEntries: offset==1 lastIndex==1
2022/07/23 21:29:15 [DEBUG] MsgAppend Next & lastIndex:1 1
2022/07/23 21:29:15 	[DEBUG] Append Entries Msg:{MsgAppend 5 1 1 0 0 [term:1 index:1 ] 1 <nil> false {} [] 0}
2022/07/23 21:29:15 {MsgAppend 4 1 1 0 0 [term:1 index:1 ] 0 <nil> false {} [] 0} end
2022/07/23 21:29:15 {MsgAppendResponse 1 4 1 0 1 [] 0 <nil> false {} [] 0} endl
2022/07/23 21:29:15 [DEBUG] INTO Step1 Phase. message: {MsgAppendResponse 1 4 1 0 1 [] 0 <nil> false {} [] 0}
2022/07/23 21:29:15 [DEBUG] INTO 2 Phase.
2022/07/23 21:29:15 {MsgAppend 5 1 1 0 0 [term:1 index:1 ] 0 <nil> false {} [] 0} end
2022/07/23 21:29:15 {MsgAppendResponse 1 5 1 0 1 [] 0 <nil> false {} [] 0} endl
2022/07/23 21:29:15 [DEBUG] INTO Step1 Phase. message: {MsgAppendResponse 1 5 1 0 1 [] 0 <nil> false {} [] 0}
2022/07/23 21:29:15 [DEBUG] INTO 2 Phase.
2022/07/23 21:29:15 {MsgAppend 2 1 1 0 0 [term:1 index:1 ] 0 <nil> false {} [] 0} end
2022/07/23 21:29:15 {MsgAppendResponse 1 2 1 0 1 [] 0 <nil> false {} [] 0} endl
2022/07/23 21:29:15 [DEBUG] INTO Step1 Phase. message: {MsgAppendResponse 1 2 1 0 1 [] 0 <nil> false {} [] 0}
2022/07/23 21:29:15 [DEBUG] INTO 2 Phase.
2022/07/23 21:29:15 {MsgAppend 3 1 1 0 0 [term:1 index:1 ] 0 <nil> false {} [] 0} end
2022/07/23 21:29:15 {MsgAppendResponse 1 3 1 0 1 [] 0 <nil> false {} [] 0} endl
2022/07/23 21:29:15 [DEBUG] INTO Step1 Phase. message: {MsgAppendResponse 1 3 1 0 1 [] 0 <nil> false {} [] 0}
2022/07/23 21:29:15 [DEBUG] INTO 2 Phase.
2022/07/23 21:29:15 {MsgAppend 4 1 1 0 0 [term:1 index:1 ] 0 <nil> false {} [] 0} end
2022/07/23 21:29:15 {MsgAppendResponse 1 4 1 0 1 [] 0 <nil> false {} [] 0} endl
2022/07/23 21:29:15 [DEBUG] INTO Step1 Phase. message: {MsgAppendResponse 1 4 1 0 1 [] 0 <nil> false {} [] 0}
2022/07/23 21:29:15 [DEBUG] INTO 2 Phase.
2022/07/23 21:29:15 {MsgAppend 5 1 1 0 0 [term:1 index:1 ] 0 <nil> false {} [] 0} end
2022/07/23 21:29:15 {MsgAppendResponse 1 5 1 0 1 [] 0 <nil> false {} [] 0} endl
2022/07/23 21:29:15 [DEBUG] INTO Step1 Phase. message: {MsgAppendResponse 1 5 1 0 1 [] 0 <nil> false {} [] 0}
2022/07/23 21:29:15 [DEBUG] INTO 2 Phase.
2022/07/23 21:29:15 [DEBUG] DEBUG getEntries ro>offset:[{EntryNormal 1 1 [] {} [] 0}]
2022/07/23 21:29:15 [DEBUG] DEBUG getEntries: offset==1 lastIndex==1
2022/07/23 21:29:15 [DEBUG] INTO Step1 Phase. message: {MsgPropose 1 1 0 0 0 [data:"some data" ] 0 <nil> false {} [] 0}
2022/07/23 21:29:15 [DEBUG] INTO 2 Phase.
2022/07/23 21:29:15 [DEBUG] DEBUG getEntries ro>offset:[{EntryNormal 1 2 [115 111 109 101 32 100 97 116 97] {} [] 0}]
2022/07/23 21:29:15 [DEBUG] DEBUG getEntries: offset==1 lastIndex==2
2022/07/23 21:29:15 [DEBUG] MsgAppend Next & lastIndex:2 2
2022/07/23 21:29:15 	[DEBUG] Append Entries Msg:{MsgAppend 3 1 1 1 1 [term:1 index:2 data:"some data" ] 1 <nil> false {} [] 0}
2022/07/23 21:29:15 [DEBUG] DEBUG getEntries ro>offset:[{EntryNormal 1 2 [115 111 109 101 32 100 97 116 97] {} [] 0}]
2022/07/23 21:29:15 [DEBUG] DEBUG getEntries: offset==1 lastIndex==2
2022/07/23 21:29:15 [DEBUG] MsgAppend Next & lastIndex:2 2
2022/07/23 21:29:15 	[DEBUG] Append Entries Msg:{MsgAppend 4 1 1 1 1 [term:1 index:2 data:"some data" ] 1 <nil> false {} [] 0}
2022/07/23 21:29:15 [DEBUG] DEBUG getEntries ro>offset:[{EntryNormal 1 2 [115 111 109 101 32 100 97 116 97] {} [] 0}]
2022/07/23 21:29:15 [DEBUG] DEBUG getEntries: offset==1 lastIndex==2
2022/07/23 21:29:15 [DEBUG] MsgAppend Next & lastIndex:2 2
2022/07/23 21:29:15 	[DEBUG] Append Entries Msg:{MsgAppend 5 1 1 1 1 [term:1 index:2 data:"some data" ] 1 <nil> false {} [] 0}
2022/07/23 21:29:15 [DEBUG] DEBUG getEntries ro>offset:[{EntryNormal 1 2 [115 111 109 101 32 100 97 116 97] {} [] 0}]
2022/07/23 21:29:15 [DEBUG] DEBUG getEntries: offset==1 lastIndex==2
2022/07/23 21:29:15 [DEBUG] MsgAppend Next & lastIndex:2 2
2022/07/23 21:29:15 	[DEBUG] Append Entries Msg:{MsgAppend 2 1 1 1 1 [term:1 index:2 data:"some data" ] 1 <nil> false {} [] 0}
2022/07/23 21:29:15 [DEBUG] INTO Step1 Phase. message: {MsgAppendResponse 1 3 1 0 2 [] 0 <nil> false {} [] 0}
2022/07/23 21:29:15 [DEBUG] INTO 2 Phase.
2022/07/23 21:29:15 [DEBUG] INTO Step1 Phase. message: {MsgAppendResponse 1 4 1 0 2 [] 0 <nil> false {} [] 0}
2022/07/23 21:29:15 [DEBUG] INTO 2 Phase.
2022/07/23 21:29:15 [DEBUG] DEBUG getEntries ro>offset:[{EntryNormal 1 2 [115 111 109 101 32 100 97 116 97] {} [] 0}]
2022/07/23 21:29:15 [DEBUG] DEBUG getEntries: offset==1 lastIndex==2
2022/07/23 21:29:15 [DEBUG] MsgAppend Next & lastIndex:2 2
2022/07/23 21:29:15 	[DEBUG] Append Entries Msg:{MsgAppend 5 1 1 1 1 [term:1 index:2 data:"some data" ] 2 <nil> false {} [] 0}
2022/07/23 21:29:15 [DEBUG] DEBUG getEntries ro>offset:[{EntryNormal 1 2 [115 111 109 101 32 100 97 116 97] {} [] 0}]
2022/07/23 21:29:15 [DEBUG] DEBUG getEntries: offset==1 lastIndex==2
2022/07/23 21:29:15 [DEBUG] MsgAppend Next & lastIndex:2 2
2022/07/23 21:29:15 	[DEBUG] Append Entries Msg:{MsgAppend 2 1 1 1 1 [term:1 index:2 data:"some data" ] 2 <nil> false {} [] 0}
2022/07/23 21:29:15 [DEBUG] MsgAppend Next & lastIndex:3 2
2022/07/23 21:29:15 	[DEBUG] Append Entries Msg:{MsgAppend 3 1 1 1 2 [] 2 <nil> false {} [] 0}
2022/07/23 21:29:15 [DEBUG] MsgAppend Next & lastIndex:3 2
2022/07/23 21:29:15 	[DEBUG] Append Entries Msg:{MsgAppend 4 1 1 1 2 [] 2 <nil> false {} [] 0}
2022/07/23 21:29:15 [DEBUG] INTO Step1 Phase. message: {MsgAppendResponse 1 5 1 0 2 [] 0 <nil> false {} [] 0}
2022/07/23 21:29:15 [DEBUG] INTO 2 Phase.
2022/07/23 21:29:15 [DEBUG] INTO Step1 Phase. message: {MsgAppendResponse 1 2 1 0 2 [] 0 <nil> false {} [] 0}
2022/07/23 21:29:15 [DEBUG] INTO 2 Phase.
2022/07/23 21:29:15 [DEBUG] DEBUG getEntries ro>offset:[{EntryNormal 3 1 [] {} [] 0}]
2022/07/23 21:29:15 [DEBUG] DEBUG getEntries: offset==1 lastIndex==1
2022/07/23 21:29:15 [DEBUG] MsgAppend Next & lastIndex:1 1
2022/07/23 21:29:15 	[DEBUG] Append Entries Msg:{MsgAppend 2 1 3 0 0 [term:3 index:1 ] 0 <nil> false {} [] 0}
2022/07/23 21:29:15 [DEBUG] DEBUG getEntries ro>offset:[{EntryNormal 3 1 [] {} [] 0}]
2022/07/23 21:29:15 [DEBUG] DEBUG getEntries: offset==1 lastIndex==1
2022/07/23 21:29:15 [DEBUG] MsgAppend Next & lastIndex:1 1
2022/07/23 21:29:15 	[DEBUG] Append Entries Msg:{MsgAppend 3 1 3 0 0 [term:3 index:1 ] 0 <nil> false {} [] 0}
2022/07/23 21:29:15 [DEBUG] in BecomeLeader lastIndex:0
2022/07/23 21:29:15 	[DEBUG] Leader Entries:{EntryNormal 3 1 [] {} [] 0}
2022/07/23 21:29:15 [DEBUG] INTO Step1 Phase. message: {MsgPropose 1 1 0 0 0 [data:"some data" ] 0 <nil> false {} [] 0}
2022/07/23 21:29:15 [DEBUG] INTO 2 Phase.
2022/07/23 21:29:15 [DEBUG] DEBUG getEntries ro>offset:[{EntryNormal 3 1 [] {} [] 0} {EntryNormal 3 2 [115 111 109 101 32 100 97 116 97] {} [] 0}]
2022/07/23 21:29:15 [DEBUG] DEBUG getEntries: offset==1 lastIndex==2
2022/07/23 21:29:15 [DEBUG] MsgAppend Next & lastIndex:1 2
2022/07/23 21:29:15 	[DEBUG] Append Entries Msg:{MsgAppend 2 1 3 0 0 [term:3 index:1  term:3 index:2 data:"some data" ] 0 <nil> false {} [] 0}
2022/07/23 21:29:15 [DEBUG] DEBUG getEntries ro>offset:[{EntryNormal 3 1 [] {} [] 0} {EntryNormal 3 2 [115 111 109 101 32 100 97 116 97] {} [] 0}]
2022/07/23 21:29:15 [DEBUG] DEBUG getEntries: offset==1 lastIndex==2
2022/07/23 21:29:15 [DEBUG] MsgAppend Next & lastIndex:1 2
2022/07/23 21:29:15 	[DEBUG] Append Entries Msg:{MsgAppend 3 1 3 0 0 [term:3 index:1  term:3 index:2 data:"some data" ] 0 <nil> false {} [] 0}
2022/07/23 21:29:15 [DEBUG] INTO Step1 Phase. message: {MsgAppendResponse 1 2 3 0 1 [] 0 <nil> false {} [] 0}
2022/07/23 21:29:15 [DEBUG] INTO 2 Phase.
2022/07/23 21:29:15 [DEBUG] DEBUG getEntries ro>offset:[{EntryNormal 3 2 [115 111 109 101 32 100 97 116 97] {} [] 0}]
2022/07/23 21:29:15 [DEBUG] DEBUG getEntries: offset==1 lastIndex==2
2022/07/23 21:29:15 [DEBUG] MsgAppend Next & lastIndex:2 2
2022/07/23 21:29:15 	[DEBUG] Append Entries Msg:{MsgAppend 2 1 3 3 1 [term:3 index:2 data:"some data" ] 1 <nil> false {} [] 0}
2022/07/23 21:29:15 [DEBUG] DEBUG getEntries ro>offset:[{EntryNormal 3 1 [] {} [] 0} {EntryNormal 3 2 [115 111 109 101 32 100 97 116 97] {} [] 0}]
2022/07/23 21:29:15 [DEBUG] DEBUG getEntries: offset==1 lastIndex==2
2022/07/23 21:29:15 [DEBUG] MsgAppend Next & lastIndex:1 2
2022/07/23 21:29:15 	[DEBUG] Append Entries Msg:{MsgAppend 3 1 3 0 0 [term:3 index:1  term:3 index:2 data:"some data" ] 1 <nil> false {} [] 0}
2022/07/23 21:29:15 [DEBUG] INTO Step1 Phase. message: {MsgAppendResponse 1 3 3 0 1 [] 0 <nil> false {} [] 0}
2022/07/23 21:29:15 [DEBUG] INTO 2 Phase.
2022/07/23 21:29:15 [DEBUG] INTO Step1 Phase. message: {MsgAppendResponse 1 2 3 0 2 [] 0 <nil> false {} [] 0}
2022/07/23 21:29:15 [DEBUG] INTO 2 Phase.
2022/07/23 21:29:15 [DEBUG] MsgAppend Next & lastIndex:3 2
2022/07/23 21:29:15 	[DEBUG] Append Entries Msg:{MsgAppend 2 1 3 3 2 [] 2 <nil> false {} [] 0}
2022/07/23 21:29:15 [DEBUG] DEBUG getEntries ro>offset:[{EntryNormal 3 2 [115 111 109 101 32 100 97 116 97] {} [] 0}]
2022/07/23 21:29:15 [DEBUG] DEBUG getEntries: offset==1 lastIndex==2
2022/07/23 21:29:15 [DEBUG] MsgAppend Next & lastIndex:2 2
2022/07/23 21:29:15 	[DEBUG] Append Entries Msg:{MsgAppend 3 1 3 3 1 [term:3 index:2 data:"some data" ] 2 <nil> false {} [] 0}
2022/07/23 21:29:15 [DEBUG] INTO Step1 Phase. message: {MsgAppendResponse 1 3 3 0 2 [] 0 <nil> false {} [] 0}
2022/07/23 21:29:15 [DEBUG] INTO 2 Phase.
2022/07/23 21:29:15 [DEBUG] DEBUG getEntries ro>offset:[{EntryNormal 3 1 [] {} [] 0} {EntryNormal 3 2 [115 111 109 101 32 100 97 116 97] {} [] 0}]
2022/07/23 21:29:15 [DEBUG] DEBUG getEntries: offset==1 lastIndex==2
2022/07/23 21:29:15 [DEBUG] DEBUG getEntries ro>offset:[{EntryNormal 3 2 [] {} [] 0}]
2022/07/23 21:29:15 [DEBUG] DEBUG getEntries: offset==1 lastIndex==2
2022/07/23 21:29:15 [DEBUG] MsgAppend Next & lastIndex:2 2
2022/07/23 21:29:15 	[DEBUG] Append Entries Msg:{MsgAppend 2 1 3 2 1 [term:3 index:2 ] 0 <nil> false {} [] 0}
2022/07/23 21:29:15 [DEBUG] DEBUG getEntries ro>offset:[{EntryNormal 3 2 [] {} [] 0}]
2022/07/23 21:29:15 [DEBUG] DEBUG getEntries: offset==1 lastIndex==2
2022/07/23 21:29:15 [DEBUG] MsgAppend Next & lastIndex:2 2
2022/07/23 21:29:15 	[DEBUG] Append Entries Msg:{MsgAppend 3 1 3 2 1 [term:3 index:2 ] 0 <nil> false {} [] 0}
2022/07/23 21:29:15 [DEBUG] in BecomeLeader lastIndex:1
2022/07/23 21:29:15 	[DEBUG] Leader Entries:{EntryNormal 2 1 [] {} [] 0}
2022/07/23 21:29:15 	[DEBUG] Leader Entries:{EntryNormal 3 2 [] {} [] 0}
2022/07/23 21:29:15 [DEBUG] INTO Step1 Phase. message: {MsgPropose 1 1 0 0 0 [data:"some data" ] 0 <nil> false {} [] 0}
2022/07/23 21:29:15 [DEBUG] INTO 2 Phase.
2022/07/23 21:29:15 [DEBUG] DEBUG getEntries ro>offset:[{EntryNormal 3 2 [] {} [] 0} {EntryNormal 3 3 [115 111 109 101 32 100 97 116 97] {} [] 0}]
2022/07/23 21:29:15 [DEBUG] DEBUG getEntries: offset==1 lastIndex==3
2022/07/23 21:29:15 [DEBUG] MsgAppend Next & lastIndex:2 3
2022/07/23 21:29:15 	[DEBUG] Append Entries Msg:{MsgAppend 2 1 3 2 1 [term:3 index:2  term:3 index:3 data:"some data" ] 0 <nil> false {} [] 0}
2022/07/23 21:29:15 [DEBUG] DEBUG getEntries ro>offset:[{EntryNormal 3 2 [] {} [] 0} {EntryNormal 3 3 [115 111 109 101 32 100 97 116 97] {} [] 0}]
2022/07/23 21:29:15 [DEBUG] DEBUG getEntries: offset==1 lastIndex==3
2022/07/23 21:29:15 [DEBUG] MsgAppend Next & lastIndex:2 3
2022/07/23 21:29:15 	[DEBUG] Append Entries Msg:{MsgAppend 3 1 3 2 1 [term:3 index:2  term:3 index:3 data:"some data" ] 0 <nil> false {} [] 0}
2022/07/23 21:29:15 [DEBUG] INTO Step1 Phase. message: {MsgAppendResponse 1 2 3 0 2 [] 0 <nil> false {} [] 0}
2022/07/23 21:29:15 [DEBUG] INTO 2 Phase.
2022/07/23 21:29:15 [DEBUG] DEBUG getEntries ro>offset:[{EntryNormal 3 3 [115 111 109 101 32 100 97 116 97] {} [] 0}]
2022/07/23 21:29:15 [DEBUG] DEBUG getEntries: offset==1 lastIndex==3
2022/07/23 21:29:15 [DEBUG] MsgAppend Next & lastIndex:3 3
2022/07/23 21:29:15 	[DEBUG] Append Entries Msg:{MsgAppend 2 1 3 3 2 [term:3 index:3 data:"some data" ] 2 <nil> false {} [] 0}
2022/07/23 21:29:15 [DEBUG] DEBUG getEntries ro>offset:[{EntryNormal 3 2 [] {} [] 0} {EntryNormal 3 3 [115 111 109 101 32 100 97 116 97] {} [] 0}]
2022/07/23 21:29:15 [DEBUG] DEBUG getEntries: offset==1 lastIndex==3
2022/07/23 21:29:15 [DEBUG] MsgAppend Next & lastIndex:2 3
2022/07/23 21:29:15 	[DEBUG] Append Entries Msg:{MsgAppend 3 1 3 2 1 [term:3 index:2  term:3 index:3 data:"some data" ] 2 <nil> false {} [] 0}
2022/07/23 21:29:15 [DEBUG] INTO Step1 Phase. message: {MsgAppendResponse 1 3 3 0 2 [] 0 <nil> false {} [] 0}
2022/07/23 21:29:15 [DEBUG] INTO 2 Phase.
2022/07/23 21:29:15 [DEBUG] INTO Step1 Phase. message: {MsgAppendResponse 1 2 3 0 3 [] 0 <nil> false {} [] 0}
2022/07/23 21:29:15 [DEBUG] INTO 2 Phase.
2022/07/23 21:29:15 [DEBUG] MsgAppend Next & lastIndex:4 3
2022/07/23 21:29:15 	[DEBUG] Append Entries Msg:{MsgAppend 2 1 3 3 3 [] 3 <nil> false {} [] 0}
2022/07/23 21:29:15 [DEBUG] DEBUG getEntries ro>offset:[{EntryNormal 3 3 [115 111 109 101 32 100 97 116 97] {} [] 0}]
2022/07/23 21:29:15 [DEBUG] DEBUG getEntries: offset==1 lastIndex==3
2022/07/23 21:29:15 [DEBUG] MsgAppend Next & lastIndex:3 3
2022/07/23 21:29:15 	[DEBUG] Append Entries Msg:{MsgAppend 3 1 3 3 2 [term:3 index:3 data:"some data" ] 3 <nil> false {} [] 0}
2022/07/23 21:29:15 [DEBUG] INTO Step1 Phase. message: {MsgAppendResponse 1 3 3 0 3 [] 0 <nil> false {} [] 0}
2022/07/23 21:29:15 [DEBUG] INTO 2 Phase.
2022/07/23 21:29:15 [DEBUG] DEBUG getEntries ro>offset:[{EntryNormal 2 1 [] {} [] 0} {EntryNormal 3 2 [] {} [] 0} {EntryNormal 3 3 [115 111 109 101 32 100 97 116 97] {} [] 0}]
2022/07/23 21:29:15 [DEBUG] DEBUG getEntries: offset==1 lastIndex==3
2022/07/23 21:29:15 [DEBUG] DEBUG getEntries ro>offset:[{EntryNormal 3 3 [] {} [] 0}]
2022/07/23 21:29:15 [DEBUG] DEBUG getEntries: offset==1 lastIndex==3
2022/07/23 21:29:15 [DEBUG] MsgAppend Next & lastIndex:3 3
2022/07/23 21:29:15 	[DEBUG] Append Entries Msg:{MsgAppend 2 1 3 2 2 [term:3 index:3 ] 0 <nil> false {} [] 0}
2022/07/23 21:29:15 [DEBUG] DEBUG getEntries ro>offset:[{EntryNormal 3 3 [] {} [] 0}]
2022/07/23 21:29:15 [DEBUG] DEBUG getEntries: offset==1 lastIndex==3
2022/07/23 21:29:15 [DEBUG] MsgAppend Next & lastIndex:3 3
2022/07/23 21:29:15 	[DEBUG] Append Entries Msg:{MsgAppend 3 1 3 2 2 [term:3 index:3 ] 0 <nil> false {} [] 0}
2022/07/23 21:29:15 [DEBUG] in BecomeLeader lastIndex:2
2022/07/23 21:29:15 	[DEBUG] Leader Entries:{EntryNormal 1 1 [] {} [] 0}
2022/07/23 21:29:15 	[DEBUG] Leader Entries:{EntryNormal 2 2 [] {} [] 0}
2022/07/23 21:29:15 	[DEBUG] Leader Entries:{EntryNormal 3 3 [] {} [] 0}
2022/07/23 21:29:15 [DEBUG] INTO Step1 Phase. message: {MsgPropose 1 1 0 0 0 [data:"some data" ] 0 <nil> false {} [] 0}
2022/07/23 21:29:15 [DEBUG] INTO 2 Phase.
2022/07/23 21:29:15 [DEBUG] DEBUG getEntries ro>offset:[{EntryNormal 3 3 [] {} [] 0} {EntryNormal 3 4 [115 111 109 101 32 100 97 116 97] {} [] 0}]
2022/07/23 21:29:15 [DEBUG] DEBUG getEntries: offset==1 lastIndex==4
2022/07/23 21:29:15 [DEBUG] MsgAppend Next & lastIndex:3 4
2022/07/23 21:29:15 	[DEBUG] Append Entries Msg:{MsgAppend 2 1 3 2 2 [term:3 index:3  term:3 index:4 data:"some data" ] 0 <nil> false {} [] 0}
2022/07/23 21:29:15 [DEBUG] DEBUG getEntries ro>offset:[{EntryNormal 3 3 [] {} [] 0} {EntryNormal 3 4 [115 111 109 101 32 100 97 116 97] {} [] 0}]
2022/07/23 21:29:15 [DEBUG] DEBUG getEntries: offset==1 lastIndex==4
2022/07/23 21:29:15 [DEBUG] MsgAppend Next & lastIndex:3 4
2022/07/23 21:29:15 	[DEBUG] Append Entries Msg:{MsgAppend 3 1 3 2 2 [term:3 index:3  term:3 index:4 data:"some data" ] 0 <nil> false {} [] 0}
2022/07/23 21:29:15 [DEBUG] INTO Step1 Phase. message: {MsgAppendResponse 1 2 3 0 3 [] 0 <nil> false {} [] 0}
2022/07/23 21:29:15 [DEBUG] INTO 2 Phase.
2022/07/23 21:29:15 [DEBUG] DEBUG getEntries ro>offset:[{EntryNormal 3 4 [115 111 109 101 32 100 97 116 97] {} [] 0}]
2022/07/23 21:29:15 [DEBUG] DEBUG getEntries: offset==1 lastIndex==4
2022/07/23 21:29:15 [DEBUG] MsgAppend Next & lastIndex:4 4
2022/07/23 21:29:15 	[DEBUG] Append Entries Msg:{MsgAppend 2 1 3 3 3 [term:3 index:4 data:"some data" ] 3 <nil> false {} [] 0}
2022/07/23 21:29:15 [DEBUG] DEBUG getEntries ro>offset:[{EntryNormal 3 3 [] {} [] 0} {EntryNormal 3 4 [115 111 109 101 32 100 97 116 97] {} [] 0}]
2022/07/23 21:29:15 [DEBUG] DEBUG getEntries: offset==1 lastIndex==4
2022/07/23 21:29:15 [DEBUG] MsgAppend Next & lastIndex:3 4
2022/07/23 21:29:15 	[DEBUG] Append Entries Msg:{MsgAppend 3 1 3 2 2 [term:3 index:3  term:3 index:4 data:"some data" ] 3 <nil> false {} [] 0}
2022/07/23 21:29:15 [DEBUG] INTO Step1 Phase. message: {MsgAppendResponse 1 3 3 0 3 [] 0 <nil> false {} [] 0}
2022/07/23 21:29:15 [DEBUG] INTO 2 Phase.
2022/07/23 21:29:15 [DEBUG] INTO Step1 Phase. message: {MsgAppendResponse 1 2 3 0 4 [] 0 <nil> false {} [] 0}
2022/07/23 21:29:15 [DEBUG] INTO 2 Phase.
2022/07/23 21:29:15 [DEBUG] MsgAppend Next & lastIndex:5 4
2022/07/23 21:29:15 	[DEBUG] Append Entries Msg:{MsgAppend 2 1 3 3 4 [] 4 <nil> false {} [] 0}
2022/07/23 21:29:15 [DEBUG] DEBUG getEntries ro>offset:[{EntryNormal 3 4 [115 111 109 101 32 100 97 116 97] {} [] 0}]
2022/07/23 21:29:15 [DEBUG] DEBUG getEntries: offset==1 lastIndex==4
2022/07/23 21:29:15 [DEBUG] MsgAppend Next & lastIndex:4 4
2022/07/23 21:29:15 	[DEBUG] Append Entries Msg:{MsgAppend 3 1 3 3 3 [term:3 index:4 data:"some data" ] 4 <nil> false {} [] 0}
2022/07/23 21:29:15 [DEBUG] INTO Step1 Phase. message: {MsgAppendResponse 1 3 3 0 4 [] 0 <nil> false {} [] 0}
2022/07/23 21:29:15 [DEBUG] INTO 2 Phase.
2022/07/23 21:29:15 [DEBUG] DEBUG getEntries ro>offset:[{EntryNormal 1 1 [] {} [] 0} {EntryNormal 2 2 [] {} [] 0} {EntryNormal 3 3 [] {} [] 0} {EntryNormal 3 4 [115 111 109 101 32 100 97 116 97] {} [] 0}]
2022/07/23 21:29:15 [DEBUG] DEBUG getEntries: offset==1 lastIndex==4
2022/07/23 21:29:15 [DEBUG] DEBUG getEntries ro>offset:[{EntryNormal 3 2 [] {} [] 0}]
2022/07/23 21:29:15 [DEBUG] DEBUG getEntries: offset==1 lastIndex==2
2022/07/23 21:29:15 [DEBUG] MsgAppend Next & lastIndex:2 2
2022/07/23 21:29:15 	[DEBUG] Append Entries Msg:{MsgAppend 2 1 3 1 1 [term:3 index:2 ] 0 <nil> false {} [] 0}
2022/07/23 21:29:15 [DEBUG] DEBUG getEntries ro>offset:[{EntryNormal 3 2 [] {} [] 0}]
2022/07/23 21:29:15 [DEBUG] DEBUG getEntries: offset==1 lastIndex==2
2022/07/23 21:29:15 [DEBUG] MsgAppend Next & lastIndex:2 2
2022/07/23 21:29:15 	[DEBUG] Append Entries Msg:{MsgAppend 3 1 3 1 1 [term:3 index:2 ] 0 <nil> false {} [] 0}
2022/07/23 21:29:15 [DEBUG] in BecomeLeader lastIndex:1
2022/07/23 21:29:15 	[DEBUG] Leader Entries:{EntryNormal 1 1 [] {} [] 0}
2022/07/23 21:29:15 	[DEBUG] Leader Entries:{EntryNormal 3 2 [] {} [] 0}
2022/07/23 21:29:15 [DEBUG] INTO Step1 Phase. message: {MsgPropose 1 1 0 0 0 [data:"some data" ] 0 <nil> false {} [] 0}
2022/07/23 21:29:15 [DEBUG] INTO 2 Phase.
2022/07/23 21:29:15 [DEBUG] DEBUG getEntries ro>offset:[{EntryNormal 3 2 [] {} [] 0} {EntryNormal 3 3 [115 111 109 101 32 100 97 116 97] {} [] 0}]
2022/07/23 21:29:15 [DEBUG] DEBUG getEntries: offset==1 lastIndex==3
2022/07/23 21:29:15 [DEBUG] MsgAppend Next & lastIndex:2 3
2022/07/23 21:29:15 	[DEBUG] Append Entries Msg:{MsgAppend 2 1 3 1 1 [term:3 index:2  term:3 index:3 data:"some data" ] 0 <nil> false {} [] 0}
2022/07/23 21:29:15 [DEBUG] DEBUG getEntries ro>offset:[{EntryNormal 3 2 [] {} [] 0} {EntryNormal 3 3 [115 111 109 101 32 100 97 116 97] {} [] 0}]
2022/07/23 21:29:15 [DEBUG] DEBUG getEntries: offset==1 lastIndex==3
2022/07/23 21:29:15 [DEBUG] MsgAppend Next & lastIndex:2 3
2022/07/23 21:29:15 	[DEBUG] Append Entries Msg:{MsgAppend 3 1 3 1 1 [term:3 index:2  term:3 index:3 data:"some data" ] 0 <nil> false {} [] 0}
2022/07/23 21:29:15 [DEBUG] INTO Step1 Phase. message: {MsgAppendResponse 1 2 3 0 2 [] 0 <nil> false {} [] 0}
2022/07/23 21:29:15 [DEBUG] INTO 2 Phase.
2022/07/23 21:29:15 [DEBUG] DEBUG getEntries ro>offset:[{EntryNormal 3 3 [115 111 109 101 32 100 97 116 97] {} [] 0}]
2022/07/23 21:29:15 [DEBUG] DEBUG getEntries: offset==1 lastIndex==3
2022/07/23 21:29:15 [DEBUG] MsgAppend Next & lastIndex:3 3
2022/07/23 21:29:15 	[DEBUG] Append Entries Msg:{MsgAppend 2 1 3 3 2 [term:3 index:3 data:"some data" ] 2 <nil> false {} [] 0}
2022/07/23 21:29:15 [DEBUG] DEBUG getEntries ro>offset:[{EntryNormal 3 2 [] {} [] 0} {EntryNormal 3 3 [115 111 109 101 32 100 97 116 97] {} [] 0}]
2022/07/23 21:29:15 [DEBUG] DEBUG getEntries: offset==1 lastIndex==3
2022/07/23 21:29:15 [DEBUG] MsgAppend Next & lastIndex:2 3
2022/07/23 21:29:15 	[DEBUG] Append Entries Msg:{MsgAppend 3 1 3 1 1 [term:3 index:2  term:3 index:3 data:"some data" ] 2 <nil> false {} [] 0}
2022/07/23 21:29:15 [DEBUG] INTO Step1 Phase. message: {MsgAppendResponse 1 3 3 0 2 [] 0 <nil> false {} [] 0}
2022/07/23 21:29:15 [DEBUG] INTO 2 Phase.
2022/07/23 21:29:15 [DEBUG] INTO Step1 Phase. message: {MsgAppendResponse 1 2 3 0 3 [] 0 <nil> false {} [] 0}
2022/07/23 21:29:15 [DEBUG] INTO 2 Phase.
2022/07/23 21:29:15 [DEBUG] MsgAppend Next & lastIndex:4 3
2022/07/23 21:29:15 	[DEBUG] Append Entries Msg:{MsgAppend 2 1 3 3 3 [] 3 <nil> false {} [] 0}
2022/07/23 21:29:15 [DEBUG] DEBUG getEntries ro>offset:[{EntryNormal 3 3 [115 111 109 101 32 100 97 116 97] {} [] 0}]
2022/07/23 21:29:15 [DEBUG] DEBUG getEntries: offset==1 lastIndex==3
2022/07/23 21:29:15 [DEBUG] MsgAppend Next & lastIndex:3 3
2022/07/23 21:29:15 	[DEBUG] Append Entries Msg:{MsgAppend 3 1 3 3 2 [term:3 index:3 data:"some data" ] 3 <nil> false {} [] 0}
2022/07/23 21:29:15 [DEBUG] INTO Step1 Phase. message: {MsgAppendResponse 1 3 3 0 3 [] 0 <nil> false {} [] 0}
2022/07/23 21:29:15 [DEBUG] INTO 2 Phase.
2022/07/23 21:29:15 [DEBUG] DEBUG getEntries ro>offset:[{EntryNormal 1 1 [] {} [] 0} {EntryNormal 3 2 [] {} [] 0} {EntryNormal 3 3 [115 111 109 101 32 100 97 116 97] {} [] 0}]
2022/07/23 21:29:15 [DEBUG] DEBUG getEntries: offset==1 lastIndex==3
2022/07/23 21:29:15 [DEBUG] INTO Step1 Phase. message: {MsgAppend 1 2 1 0 0 [term:1 index:1 data:"some data" ] 1 <nil> false {} [] 0}
2022/07/23 21:29:15 [DEBUG] INTO 2 Phase.
2022/07/23 21:29:15 	[DEBUG]handleAppend:term:1 index:1 data:"some data" 
2022/07/23 21:29:15 [DEBUG] DEBUG getEntries ro>offset:[{EntryNormal 1 1 [115 111 109 101 32 100 97 116 97] {} [] 0}]
2022/07/23 21:29:15 [DEBUG] DEBUG getEntries: offset==1 lastIndex==1
2022/07/23 21:29:15 [DEBUG] INTO Step1 Phase. message: {MsgAppend 1 2 1 0 0 [term:1 index:1 data:"some data"  term:1 index:2 data:"some data2" ] 2 <nil> false {} [] 0}
2022/07/23 21:29:15 [DEBUG] INTO 2 Phase.
2022/07/23 21:29:15 	[DEBUG]handleAppend:term:1 index:1 data:"some data" 
2022/07/23 21:29:15 	[DEBUG]handleAppend:term:1 index:2 data:"some data2" 
2022/07/23 21:29:15 [DEBUG] DEBUG getEntries ro>offset:[{EntryNormal 1 1 [115 111 109 101 32 100 97 116 97] {} [] 0} {EntryNormal 1 2 [115 111 109 101 32 100 97 116 97 50] {} [] 0}]
2022/07/23 21:29:15 [DEBUG] DEBUG getEntries: offset==1 lastIndex==2
2022/07/23 21:29:15 [DEBUG] INTO Step1 Phase. message: {MsgAppend 1 2 1 0 0 [term:1 index:1 data:"some data2"  term:1 index:2 data:"some data" ] 2 <nil> false {} [] 0}
2022/07/23 21:29:15 [DEBUG] INTO 2 Phase.
2022/07/23 21:29:15 	[DEBUG]handleAppend:term:1 index:1 data:"some data2" 
2022/07/23 21:29:15 	[DEBUG]handleAppend:term:1 index:2 data:"some data" 
2022/07/23 21:29:15 [DEBUG] DEBUG getEntries ro>offset:[{EntryNormal 1 1 [115 111 109 101 32 100 97 116 97 50] {} [] 0} {EntryNormal 1 2 [115 111 109 101 32 100 97 116 97] {} [] 0}]
2022/07/23 21:29:15 [DEBUG] DEBUG getEntries: offset==1 lastIndex==2
2022/07/23 21:29:15 [DEBUG] INTO Step1 Phase. message: {MsgAppend 1 2 1 0 0 [term:1 index:1 data:"some data"  term:1 index:2 data:"some data2" ] 1 <nil> false {} [] 0}
2022/07/23 21:29:15 [DEBUG] INTO 2 Phase.
2022/07/23 21:29:15 	[DEBUG]handleAppend:term:1 index:1 data:"some data" 
2022/07/23 21:29:15 	[DEBUG]handleAppend:term:1 index:2 data:"some data2" 
2022/07/23 21:29:15 [DEBUG] DEBUG getEntries ro>offset:[{EntryNormal 1 1 [115 111 109 101 32 100 97 116 97] {} [] 0} {EntryNormal 1 2 [115 111 109 101 32 100 97 116 97 50] {} [] 0}]
2022/07/23 21:29:15 [DEBUG] DEBUG getEntries: offset==1 lastIndex==2
2022/07/23 21:29:15 [DEBUG] INTO Step1 Phase. message: {MsgAppend 1 2 2 0 0 [] 0 <nil> false {} [] 0}
2022/07/23 21:29:15 [DEBUG] INTO 2 Phase.
2022/07/23 21:29:15 [DEBUG] INTO Step1 Phase. message: {MsgAppend 1 2 2 1 1 [] 0 <nil> false {} [] 0}
2022/07/23 21:29:15 [DEBUG] INTO 2 Phase.
2022/07/23 21:29:15 [DEBUG] INTO Step1 Phase. message: {MsgAppend 1 2 2 2 2 [] 0 <nil> false {} [] 0}
2022/07/23 21:29:15 [DEBUG] INTO 2 Phase.
2022/07/23 21:29:15 [DEBUG] INTO Step1 Phase. message: {MsgAppend 1 2 2 1 2 [] 0 <nil> false {} [] 0}
2022/07/23 21:29:15 [DEBUG] INTO 2 Phase.
2022/07/23 21:29:15 [DEBUG] INTO Step1 Phase. message: {MsgAppend 1 2 2 3 3 [] 0 <nil> false {} [] 0}
2022/07/23 21:29:15 [DEBUG] INTO 2 Phase.
2022/07/23 21:29:15 [DEBUG] INTO Step1 Phase. message: {MsgAppend 1 2 3 2 2 [term:3 index:3 ] 0 <nil> false {} [] 0}
2022/07/23 21:29:15 [DEBUG] become follower: m.Term & r.Term: 3 2
2022/07/23 21:29:15 [DEBUG] INTO 2 Phase.
2022/07/23 21:29:15 	[DEBUG]handleAppend:term:3 index:3 
2022/07/23 21:29:15 [DEBUG] DEBUG getEntries ro>offset:[{EntryNormal 3 3 [] {} [] 0}]
2022/07/23 21:29:15 [DEBUG] DEBUG getEntries: offset==1 lastIndex==3
2022/07/23 21:29:15 [DEBUG] INTO Step1 Phase. message: {MsgAppend 1 2 4 1 1 [term:3 index:2  term:4 index:3 ] 0 <nil> false {} [] 0}
2022/07/23 21:29:15 [DEBUG] become follower: m.Term & r.Term: 4 2
2022/07/23 21:29:15 [DEBUG] INTO 2 Phase.
2022/07/23 21:29:15 	[DEBUG]handleAppend:term:3 index:2 
2022/07/23 21:29:15 	[DEBUG]handleAppend:term:4 index:3 
2022/07/23 21:29:15 [DEBUG] DEBUG getEntries ro>offset:[{EntryNormal 1 1 [] {} [] 0}]
2022/07/23 21:29:15 [DEBUG] DEBUG getEntries: offset==1 lastIndex==2
2022/07/23 21:29:15 [DEBUG] DEBUG getEntries ro>offset:[{EntryNormal 3 2 [] {} [] 0} {EntryNormal 4 3 [] {} [] 0}]
2022/07/23 21:29:15 [DEBUG] DEBUG getEntries: offset==1 lastIndex==3
2022/07/23 21:29:15 [DEBUG] INTO Step1 Phase. message: {MsgAppend 1 2 2 0 0 [term:1 index:1 ] 0 <nil> false {} [] 0}
2022/07/23 21:29:15 [DEBUG] INTO 2 Phase.
2022/07/23 21:29:15 [DEBUG] INTO Step1 Phase. message: {MsgAppend 1 2 3 0 0 [term:3 index:1 ] 0 <nil> false {} [] 0}
2022/07/23 21:29:15 [DEBUG] become follower: m.Term & r.Term: 3 2
2022/07/23 21:29:15 [DEBUG] INTO 2 Phase.
2022/07/23 21:29:15 	[DEBUG]handleAppend:term:3 index:1 
2022/07/23 21:29:15 [DEBUG] DEBUG getEntries ro>offset:[{EntryNormal 3 1 [] {} [] 0}]
2022/07/23 21:29:15 [DEBUG] DEBUG getEntries: offset==1 lastIndex==1
2022/07/23 21:29:15 [DEBUG] INTO Step1 Phase. message: {MsgHup 1 1 0 0 0 [] 0 <nil> false {} [] 0}
2022/07/23 21:29:15 [DEBUG] INTO 2 Phase.
2022/07/23 21:29:15 [DEBUG] INTO Step1 Phase. message: {MsgRequestVote 2 1 9 6 10 [] 0 <nil> false {} [] 0}
2022/07/23 21:29:15 [DEBUG] become follower: m.Term & r.Term: 9 7
2022/07/23 21:29:15 [DEBUG] INTO 2 Phase.
2022/07/23 21:29:15 [DEBUG] INTO Step1 Phase. message: {MsgRequestVoteResponse 1 2 9 0 0 [] 0 <nil> false {} [] 0}
2022/07/23 21:29:15 [DEBUG] INTO 2 Phase.
2022/07/23 21:29:15 [DEBUG] Candidate receive MsgRequestVoteResponse from 2
2022/07/23 21:29:15 [DEBUG] DEBUG getEntries ro>offset:[{EntryNormal 9 11 [] {} [] 0}]
2022/07/23 21:29:15 [DEBUG] DEBUG getEntries: offset==1 lastIndex==11
2022/07/23 21:29:15 [DEBUG] MsgAppend Next & lastIndex:11 11
2022/07/23 21:29:15 	[DEBUG] Append Entries Msg:{MsgAppend 2 1 9 6 10 [term:9 index:11 ] 10 <nil> false {} [] 0}
2022/07/23 21:29:15 [DEBUG] DEBUG getEntries ro>offset:[{EntryNormal 9 11 [] {} [] 0}]
2022/07/23 21:29:15 [DEBUG] DEBUG getEntries: offset==1 lastIndex==11
2022/07/23 21:29:15 [DEBUG] MsgAppend Next & lastIndex:11 11
2022/07/23 21:29:15 	[DEBUG] Append Entries Msg:{MsgAppend 3 1 9 6 10 [term:9 index:11 ] 10 <nil> false {} [] 0}
2022/07/23 21:29:15 [DEBUG] in BecomeLeader lastIndex:10
2022/07/23 21:29:15 	[DEBUG] Leader Entries:{EntryNormal 1 1 [] {} [] 0}
2022/07/23 21:29:15 	[DEBUG] Leader Entries:{EntryNormal 1 2 [] {} [] 0}
2022/07/23 21:29:15 	[DEBUG] Leader Entries:{EntryNormal 1 3 [] {} [] 0}
2022/07/23 21:29:15 	[DEBUG] Leader Entries:{EntryNormal 4 4 [] {} [] 0}
2022/07/23 21:29:15 	[DEBUG] Leader Entries:{EntryNormal 4 5 [] {} [] 0}
2022/07/23 21:29:15 	[DEBUG] Leader Entries:{EntryNormal 5 6 [] {} [] 0}
2022/07/23 21:29:15 	[DEBUG] Leader Entries:{EntryNormal 5 7 [] {} [] 0}
2022/07/23 21:29:15 	[DEBUG] Leader Entries:{EntryNormal 6 8 [] {} [] 0}
2022/07/23 21:29:15 	[DEBUG] Leader Entries:{EntryNormal 6 9 [] {} [] 0}
2022/07/23 21:29:15 	[DEBUG] Leader Entries:{EntryNormal 6 10 [] {} [] 0}
2022/07/23 21:29:15 	[DEBUG] Leader Entries:{EntryNormal 9 11 [] {} [] 0}
2022/07/23 21:29:15 [DEBUG] INTO Step1 Phase. message: {MsgAppend 2 1 9 6 10 [term:9 index:11 ] 10 <nil> false {} [] 0}
2022/07/23 21:29:15 [DEBUG] INTO 2 Phase.
2022/07/23 21:29:15 [DEBUG] INTO Step1 Phase. message: {MsgAppendResponse 1 2 9 0 10 [] 0 <nil> true {} [] 0}
2022/07/23 21:29:15 [DEBUG] INTO 2 Phase.
2022/07/23 21:29:15 [DEBUG] m.Index & r.prs[from].Next: 10 11
2022/07/23 21:29:15 [DEBUG] receive MsgAppendResp reject. send again from entries.Index:10
2022/07/23 21:29:15 [DEBUG] DEBUG getEntries ro>offset:[{EntryNormal 6 10 [] {} [] 0} {EntryNormal 9 11 [] {} [] 0}]
2022/07/23 21:29:15 [DEBUG] DEBUG getEntries: offset==1 lastIndex==11
2022/07/23 21:29:15 [DEBUG] MsgAppend Next & lastIndex:10 11
2022/07/23 21:29:15 	[DEBUG] Append Entries Msg:{MsgAppend 2 1 9 6 9 [term:6 index:10  term:9 index:11 ] 10 <nil> false {} [] 0}
2022/07/23 21:29:15 [DEBUG] INTO Step1 Phase. message: {MsgAppend 2 1 9 6 9 [term:6 index:10  term:9 index:11 ] 10 <nil> false {} [] 0}
2022/07/23 21:29:15 [DEBUG] INTO 2 Phase.
2022/07/23 21:29:15 	[DEBUG]handleAppend:term:6 index:10 
2022/07/23 21:29:15 	[DEBUG]handleAppend:term:9 index:11 
2022/07/23 21:29:15 [DEBUG] INTO Step1 Phase. message: {MsgAppendResponse 1 2 9 0 11 [] 0 <nil> false {} [] 0}
2022/07/23 21:29:15 [DEBUG] INTO 2 Phase.
2022/07/23 21:29:15 [DEBUG] MsgAppend Next & lastIndex:12 11
2022/07/23 21:29:15 	[DEBUG] Append Entries Msg:{MsgAppend 2 1 9 9 11 [] 11 <nil> false {} [] 0}
2022/07/23 21:29:15 [DEBUG] DEBUG getEntries ro>offset:[{EntryNormal 9 11 [] {} [] 0}]
