2022/07/25 17:30:44 raft.go:647: [info] [DEBUG] INTO Step1 Phase. message: {MsgHup 0 0 0 0 0 [] 0 <nil> false {} [] 0}
2022/07/25 17:30:44 log.go:76: [info] [[DEBUG] INTO 2 Phase.]
2022/07/25 17:30:44 raft.go:451: [info] 	+++[DEBUG] commits[]:[1]
2022/07/25 17:30:44 raft.go:467: [info] 	---[DEBUG] update r.raftlog.committed into : 1
2022/07/25 17:30:44 raft.go:380: [info] [DEBUG] in BecomeLeader lastIndex:0
2022/07/25 17:30:44 raft.go:382: [info] 	[DEBUG] Leader Entries:{EntryNormal 1 1 [] {} [] 0}
2022/07/25 17:30:44 log.go:134: [info] [DEBUG]getEntries ro>offset:[{EntryNormal 1 1 [] {} [] 0}]
2022/07/25 17:30:44 log.go:136: [info] [DEBUG] getEntries: offset==1 lastIndex==1
2022/07/25 17:30:44 log.go:137: [info] [DEBUG] getEntries ret from Raftlog.Entries :[{EntryNormal 1 1 [] {} [] 0}]
2022/07/25 17:30:44 log.go:134: [info] [DEBUG]getEntries ro>offset:[{EntryNormal 1 1 [] {} [] 0}]
2022/07/25 17:30:44 log.go:136: [info] [DEBUG] getEntries: offset==1 lastIndex==1
2022/07/25 17:30:44 log.go:137: [info] [DEBUG] getEntries ret from Raftlog.Entries :[{EntryNormal 1 1 [] {} [] 0}]
2022/07/25 17:30:44 raft.go:647: [info] [DEBUG] INTO Step1 Phase. message: {MsgPropose 0 1 0 0 0 [data:"foo" ] 0 <nil> false {} [] 0}
2022/07/25 17:30:44 log.go:76: [info] [[DEBUG] INTO 2 Phase.]
2022/07/25 17:30:44 log.go:134: [info] [DEBUG]getEntries ro>offset:[{EntryNormal 1 2 [102 111 111] {} [] 0}]
2022/07/25 17:30:44 log.go:136: [info] [DEBUG] getEntries: offset==2 lastIndex==2
2022/07/25 17:30:44 log.go:137: [info] [DEBUG] getEntries ret from Raftlog.Entries :[{EntryNormal 1 2 [102 111 111] {} [] 0}]
2022/07/25 17:30:44 log.go:134: [info] [DEBUG]getEntries ro>offset:[{EntryNormal 1 2 [102 111 111] {} [] 0}]
2022/07/25 17:30:44 log.go:136: [info] [DEBUG] getEntries: offset==2 lastIndex==2
2022/07/25 17:30:44 log.go:137: [info] [DEBUG] getEntries ret from Raftlog.Entries :[{EntryNormal 1 2 [102 111 111] {} [] 0}]
2022/07/25 17:30:44 rawnode.go:174: [info] [DEBUG]soft :{0 StateFollower} {1 StateLeader}
2022/07/25 17:30:44 rawnode.go:175: [info] [DEBUG]hard :{0 0 0 {} [] 0} {1 1 2 {} [] 0}
2022/07/25 17:41:41 raft.go:647: [info] [DEBUG] INTO Step1 Phase. message: {MsgHup 0 0 0 0 0 [] 0 <nil> false {} [] 0}
2022/07/25 17:41:41 log.go:76: [info] [[DEBUG] INTO 2 Phase.]
2022/07/25 17:41:41 raft.go:451: [info] 	+++[DEBUG] commits[]:[1]
2022/07/25 17:41:41 raft.go:467: [info] 	---[DEBUG] update r.raftlog.committed into : 1
2022/07/25 17:41:41 raft.go:380: [info] [DEBUG] in BecomeLeader lastIndex:0
2022/07/25 17:41:41 raft.go:382: [info] 	[DEBUG] Leader Entries:{EntryNormal 1 1 [] {} [] 0}
2022/07/25 17:41:41 log.go:134: [info] [DEBUG]getEntries ro>offset:[{EntryNormal 1 1 [] {} [] 0}]
2022/07/25 17:41:41 log.go:136: [info] [DEBUG] getEntries: offset==1 lastIndex==1
2022/07/25 17:41:41 log.go:137: [info] [DEBUG] getEntries ret from Raftlog.Entries :[{EntryNormal 1 1 [] {} [] 0}]
2022/07/25 17:41:41 log.go:134: [info] [DEBUG]getEntries ro>offset:[{EntryNormal 1 1 [] {} [] 0}]
2022/07/25 17:41:41 log.go:136: [info] [DEBUG] getEntries: offset==1 lastIndex==1
2022/07/25 17:41:41 log.go:137: [info] [DEBUG] getEntries ret from Raftlog.Entries :[{EntryNormal 1 1 [] {} [] 0}]
2022/07/25 17:41:41 raft.go:647: [info] [DEBUG] INTO Step1 Phase. message: {MsgPropose 0 1 0 0 0 [data:"foo" ] 0 <nil> false {} [] 0}
2022/07/25 17:41:41 log.go:76: [info] [[DEBUG] INTO 2 Phase.]
2022/07/25 17:41:41 log.go:134: [info] [DEBUG]getEntries ro>offset:[{EntryNormal 1 2 [102 111 111] {} [] 0}]
2022/07/25 17:41:41 log.go:136: [info] [DEBUG] getEntries: offset==2 lastIndex==2
2022/07/25 17:41:41 log.go:137: [info] [DEBUG] getEntries ret from Raftlog.Entries :[{EntryNormal 1 2 [102 111 111] {} [] 0}]
2022/07/25 17:41:41 log.go:134: [info] [DEBUG]getEntries ro>offset:[{EntryNormal 1 2 [102 111 111] {} [] 0}]
2022/07/25 17:41:41 log.go:136: [info] [DEBUG] getEntries: offset==2 lastIndex==2
2022/07/25 17:41:41 log.go:137: [info] [DEBUG] getEntries ret from Raftlog.Entries :[{EntryNormal 1 2 [102 111 111] {} [] 0}]
2022/07/25 17:41:41 rawnode.go:174: [info] [DEBUG]soft :{0 StateFollower} {1 StateLeader}
2022/07/25 17:41:41 rawnode.go:175: [info] [DEBUG]hard :{0 0 0 {} [] 0} {1 1 2 {} [] 0}
2022/07/25 17:43:32 raft.go:647: [info] [DEBUG] INTO Step1 Phase. message: {MsgHup 0 0 0 0 0 [] 0 <nil> false {} [] 0}
2022/07/25 17:43:32 log.go:76: [info] [[DEBUG] INTO 2 Phase.]
2022/07/25 17:43:32 raft.go:451: [info] 	+++[DEBUG] commits[]:[1]
2022/07/25 17:43:32 raft.go:467: [info] 	---[DEBUG] update r.raftlog.committed into : 1
2022/07/25 17:43:32 raft.go:380: [info] [DEBUG] in BecomeLeader lastIndex:0
2022/07/25 17:43:32 raft.go:382: [info] 	[DEBUG] Leader Entries:{EntryNormal 1 1 [] {} [] 0}
2022/07/25 17:43:32 log.go:134: [info] [DEBUG]getEntries ro>offset:[{EntryNormal 1 1 [] {} [] 0}]
2022/07/25 17:43:32 log.go:136: [info] [DEBUG] getEntries: offset==1 lastIndex==1
2022/07/25 17:43:32 log.go:137: [info] [DEBUG] getEntries ret from Raftlog.Entries :[{EntryNormal 1 1 [] {} [] 0}]
2022/07/25 17:43:32 log.go:134: [info] [DEBUG]getEntries ro>offset:[{EntryNormal 1 1 [] {} [] 0}]
2022/07/25 17:43:32 log.go:136: [info] [DEBUG] getEntries: offset==1 lastIndex==1
2022/07/25 17:43:32 log.go:137: [info] [DEBUG] getEntries ret from Raftlog.Entries :[{EntryNormal 1 1 [] {} [] 0}]
2022/07/25 17:43:32 raft.go:647: [info] [DEBUG] INTO Step1 Phase. message: {MsgPropose 0 1 0 0 0 [data:"foo" ] 0 <nil> false {} [] 0}
2022/07/25 17:43:32 log.go:76: [info] [[DEBUG] INTO 2 Phase.]
2022/07/25 17:43:32 log.go:134: [info] [DEBUG]getEntries ro>offset:[{EntryNormal 1 2 [102 111 111] {} [] 0}]
2022/07/25 17:43:32 log.go:136: [info] [DEBUG] getEntries: offset==2 lastIndex==2
2022/07/25 17:43:32 log.go:137: [info] [DEBUG] getEntries ret from Raftlog.Entries :[{EntryNormal 1 2 [102 111 111] {} [] 0}]
2022/07/25 17:43:32 log.go:134: [info] [DEBUG]getEntries ro>offset:[{EntryNormal 1 2 [102 111 111] {} [] 0}]
2022/07/25 17:43:32 log.go:136: [info] [DEBUG] getEntries: offset==2 lastIndex==2
2022/07/25 17:43:32 log.go:137: [info] [DEBUG] getEntries ret from Raftlog.Entries :[{EntryNormal 1 2 [102 111 111] {} [] 0}]
2022/07/25 17:43:32 rawnode.go:174: [info] [DEBUG]soft :{0 StateFollower} {1 StateLeader}
2022/07/25 17:43:32 rawnode.go:175: [info] [DEBUG]hard :{0 0 0 {} [] 0} {1 1 2 {} [] 0}
2022/07/25 17:48:11 raft.go:647: [info] [DEBUG] INTO Step1 Phase. message: {MsgHup 0 0 0 0 0 [] 0 <nil> false {} [] 0}
2022/07/25 17:48:11 log.go:76: [info] [[DEBUG] INTO 2 Phase.]
2022/07/25 17:48:11 raft.go:451: [info] 	+++[DEBUG] commits[]:[1]
2022/07/25 17:48:11 raft.go:467: [info] 	---[DEBUG] update r.raftlog.committed into : 1
2022/07/25 17:48:11 raft.go:380: [info] [DEBUG] in BecomeLeader lastIndex:0
2022/07/25 17:48:11 raft.go:382: [info] 	[DEBUG] Leader Entries:{EntryNormal 1 1 [] {} [] 0}
2022/07/25 17:48:11 log.go:134: [info] [DEBUG]getEntries ro>offset:[{EntryNormal 1 1 [] {} [] 0}]
2022/07/25 17:48:11 log.go:136: [info] [DEBUG] getEntries: offset==1 lastIndex==1
2022/07/25 17:48:11 log.go:137: [info] [DEBUG] getEntries ret from Raftlog.Entries :[{EntryNormal 1 1 [] {} [] 0}]
2022/07/25 17:48:11 log.go:134: [info] [DEBUG]getEntries ro>offset:[{EntryNormal 1 1 [] {} [] 0}]
2022/07/25 17:48:11 log.go:136: [info] [DEBUG] getEntries: offset==1 lastIndex==1
2022/07/25 17:48:11 log.go:137: [info] [DEBUG] getEntries ret from Raftlog.Entries :[{EntryNormal 1 1 [] {} [] 0}]
2022/07/25 17:48:11 raft.go:647: [info] [DEBUG] INTO Step1 Phase. message: {MsgPropose 0 1 0 0 0 [data:"foo" ] 0 <nil> false {} [] 0}
2022/07/25 17:48:11 log.go:76: [info] [[DEBUG] INTO 2 Phase.]
2022/07/25 17:48:11 log.go:134: [info] [DEBUG]getEntries ro>offset:[{EntryNormal 1 2 [102 111 111] {} [] 0}]
2022/07/25 17:48:11 log.go:136: [info] [DEBUG] getEntries: offset==2 lastIndex==2
2022/07/25 17:48:11 log.go:137: [info] [DEBUG] getEntries ret from Raftlog.Entries :[{EntryNormal 1 2 [102 111 111] {} [] 0}]
2022/07/25 17:48:11 log.go:134: [info] [DEBUG]getEntries ro>offset:[{EntryNormal 1 2 [102 111 111] {} [] 0}]
2022/07/25 17:48:11 log.go:136: [info] [DEBUG] getEntries: offset==2 lastIndex==2
2022/07/25 17:48:11 log.go:137: [info] [DEBUG] getEntries ret from Raftlog.Entries :[{EntryNormal 1 2 [102 111 111] {} [] 0}]
2022/07/25 17:48:11 rawnode.go:178: [info] [DEBUG]soft :{0 StateFollower} {1 StateLeader}
2022/07/25 17:48:11 rawnode.go:179: [info] [DEBUG]hard :{0 0 0 {} [] 0} {1 1 2 {} [] 0}
2022/07/25 17:48:45 raft.go:647: [info] [DEBUG] INTO Step1 Phase. message: {MsgHup 0 0 0 0 0 [] 0 <nil> false {} [] 0}
2022/07/25 17:48:45 log.go:76: [info] [[DEBUG] INTO 2 Phase.]
2022/07/25 17:48:45 raft.go:451: [info] 	+++[DEBUG] commits[]:[1]
2022/07/25 17:48:45 raft.go:467: [info] 	---[DEBUG] update r.raftlog.committed into : 1
2022/07/25 17:48:45 raft.go:380: [info] [DEBUG] in BecomeLeader lastIndex:0
2022/07/25 17:48:45 raft.go:382: [info] 	[DEBUG] Leader Entries:{EntryNormal 1 1 [] {} [] 0}
2022/07/25 17:48:45 log.go:134: [info] [DEBUG]getEntries ro>offset:[{EntryNormal 1 1 [] {} [] 0}]
2022/07/25 17:48:45 log.go:136: [info] [DEBUG] getEntries: offset==1 lastIndex==1
2022/07/25 17:48:45 log.go:137: [info] [DEBUG] getEntries ret from Raftlog.Entries :[{EntryNormal 1 1 [] {} [] 0}]
2022/07/25 17:48:45 log.go:134: [info] [DEBUG]getEntries ro>offset:[{EntryNormal 1 1 [] {} [] 0}]
2022/07/25 17:48:45 log.go:136: [info] [DEBUG] getEntries: offset==1 lastIndex==1
2022/07/25 17:48:45 log.go:137: [info] [DEBUG] getEntries ret from Raftlog.Entries :[{EntryNormal 1 1 [] {} [] 0}]
2022/07/25 17:48:45 raft.go:647: [info] [DEBUG] INTO Step1 Phase. message: {MsgPropose 0 1 0 0 0 [data:"foo" ] 0 <nil> false {} [] 0}
2022/07/25 17:48:45 log.go:76: [info] [[DEBUG] INTO 2 Phase.]
2022/07/25 17:48:45 log.go:134: [info] [DEBUG]getEntries ro>offset:[{EntryNormal 1 2 [102 111 111] {} [] 0}]
2022/07/25 17:48:45 log.go:136: [info] [DEBUG] getEntries: offset==2 lastIndex==2
2022/07/25 17:48:45 log.go:137: [info] [DEBUG] getEntries ret from Raftlog.Entries :[{EntryNormal 1 2 [102 111 111] {} [] 0}]
2022/07/25 17:48:45 log.go:134: [info] [DEBUG]getEntries ro>offset:[{EntryNormal 1 2 [102 111 111] {} [] 0}]
2022/07/25 17:48:45 log.go:136: [info] [DEBUG] getEntries: offset==2 lastIndex==2
2022/07/25 17:48:45 log.go:137: [info] [DEBUG] getEntries ret from Raftlog.Entries :[{EntryNormal 1 2 [102 111 111] {} [] 0}]
2022/07/25 17:48:45 rawnode.go:178: [info] [DEBUG]soft :{1 StateLeader} {1 StateLeader}
2022/07/25 17:48:45 rawnode.go:179: [info] [DEBUG]hard :{1 1 2 {} [] 0} {1 1 2 {} [] 0}
2022/07/25 17:48:49 raft.go:647: [info] [DEBUG] INTO Step1 Phase. message: {MsgHup 0 0 0 0 0 [] 0 <nil> false {} [] 0}
2022/07/25 17:48:49 log.go:76: [info] [[DEBUG] INTO 2 Phase.]
2022/07/25 17:48:49 raft.go:451: [info] 	+++[DEBUG] commits[]:[1]
2022/07/25 17:48:49 raft.go:467: [info] 	---[DEBUG] update r.raftlog.committed into : 1
2022/07/25 17:48:49 raft.go:380: [info] [DEBUG] in BecomeLeader lastIndex:0
2022/07/25 17:48:49 raft.go:382: [info] 	[DEBUG] Leader Entries:{EntryNormal 1 1 [] {} [] 0}
2022/07/25 17:48:49 log.go:134: [info] [DEBUG]getEntries ro>offset:[{EntryNormal 1 1 [] {} [] 0}]
2022/07/25 17:48:49 log.go:136: [info] [DEBUG] getEntries: offset==1 lastIndex==1
2022/07/25 17:48:49 log.go:137: [info] [DEBUG] getEntries ret from Raftlog.Entries :[{EntryNormal 1 1 [] {} [] 0}]
2022/07/25 17:48:49 log.go:134: [info] [DEBUG]getEntries ro>offset:[{EntryNormal 1 1 [] {} [] 0}]
2022/07/25 17:48:49 log.go:136: [info] [DEBUG] getEntries: offset==1 lastIndex==1
2022/07/25 17:48:49 log.go:137: [info] [DEBUG] getEntries ret from Raftlog.Entries :[{EntryNormal 1 1 [] {} [] 0}]
2022/07/25 17:48:49 raft.go:647: [info] [DEBUG] INTO Step1 Phase. message: {MsgPropose 0 1 0 0 0 [data:"foo" ] 0 <nil> false {} [] 0}
2022/07/25 17:48:49 log.go:76: [info] [[DEBUG] INTO 2 Phase.]
2022/07/25 17:48:49 log.go:134: [info] [DEBUG]getEntries ro>offset:[{EntryNormal 1 2 [102 111 111] {} [] 0}]
2022/07/25 17:48:49 log.go:136: [info] [DEBUG] getEntries: offset==2 lastIndex==2
2022/07/25 17:48:49 log.go:137: [info] [DEBUG] getEntries ret from Raftlog.Entries :[{EntryNormal 1 2 [102 111 111] {} [] 0}]
2022/07/25 17:48:49 log.go:134: [info] [DEBUG]getEntries ro>offset:[{EntryNormal 1 2 [102 111 111] {} [] 0}]
2022/07/25 17:48:49 log.go:136: [info] [DEBUG] getEntries: offset==2 lastIndex==2
2022/07/25 17:48:49 log.go:137: [info] [DEBUG] getEntries ret from Raftlog.Entries :[{EntryNormal 1 2 [102 111 111] {} [] 0}]
2022/07/25 17:48:49 rawnode.go:178: [info] [DEBUG]soft :{1 StateLeader} {1 StateLeader}
2022/07/25 17:48:49 rawnode.go:179: [info] [DEBUG]hard :{1 1 2 {} [] 0} {1 1 2 {} [] 0}
2022/07/25 17:48:49 log.go:134: [info] [DEBUG]getEntries ro>offset:[{EntryNormal 1 1 [] {} [] 0}]
2022/07/25 17:48:49 log.go:136: [info] [DEBUG] getEntries: offset==1 lastIndex==2
2022/07/25 17:48:49 log.go:137: [info] [DEBUG] getEntries ret from Raftlog.Entries :[{EntryNormal 1 1 [] {} [] 0}]
2022/07/25 17:48:49 rawnode.go:178: [info] [DEBUG]soft :{0 StateFollower} {0 StateFollower}
2022/07/25 17:48:49 rawnode.go:179: [info] [DEBUG]hard :{1 0 1 {} [] 0} {1 0 1 {} [] 0}
2022/07/25 17:49:10 raft.go:647: [info] [DEBUG] INTO Step1 Phase. message: {MsgHup 0 0 0 0 0 [] 0 <nil> false {} [] 0}
2022/07/25 17:49:10 log.go:76: [info] [[DEBUG] INTO 2 Phase.]
2022/07/25 17:49:10 raft.go:451: [info] 	+++[DEBUG] commits[]:[1]
2022/07/25 17:49:10 raft.go:467: [info] 	---[DEBUG] update r.raftlog.committed into : 1
2022/07/25 17:49:10 raft.go:380: [info] [DEBUG] in BecomeLeader lastIndex:0
2022/07/25 17:49:10 raft.go:382: [info] 	[DEBUG] Leader Entries:{EntryNormal 1 1 [] {} [] 0}
2022/07/25 17:49:10 log.go:134: [info] [DEBUG]getEntries ro>offset:[{EntryNormal 1 1 [] {} [] 0}]
2022/07/25 17:49:10 log.go:136: [info] [DEBUG] getEntries: offset==1 lastIndex==1
2022/07/25 17:49:10 log.go:137: [info] [DEBUG] getEntries ret from Raftlog.Entries :[{EntryNormal 1 1 [] {} [] 0}]
2022/07/25 17:49:10 log.go:134: [info] [DEBUG]getEntries ro>offset:[{EntryNormal 1 1 [] {} [] 0}]
2022/07/25 17:49:10 log.go:136: [info] [DEBUG] getEntries: offset==1 lastIndex==1
2022/07/25 17:49:10 log.go:137: [info] [DEBUG] getEntries ret from Raftlog.Entries :[{EntryNormal 1 1 [] {} [] 0}]
2022/07/25 17:49:10 raft.go:647: [info] [DEBUG] INTO Step1 Phase. message: {MsgPropose 0 1 0 0 0 [data:"foo" ] 0 <nil> false {} [] 0}
2022/07/25 17:49:10 log.go:76: [info] [[DEBUG] INTO 2 Phase.]
2022/07/25 17:49:10 log.go:134: [info] [DEBUG]getEntries ro>offset:[{EntryNormal 1 2 [102 111 111] {} [] 0}]
2022/07/25 17:49:10 log.go:136: [info] [DEBUG] getEntries: offset==2 lastIndex==2
2022/07/25 17:49:10 log.go:137: [info] [DEBUG] getEntries ret from Raftlog.Entries :[{EntryNormal 1 2 [102 111 111] {} [] 0}]
2022/07/25 17:49:10 log.go:134: [info] [DEBUG]getEntries ro>offset:[{EntryNormal 1 2 [102 111 111] {} [] 0}]
2022/07/25 17:49:10 log.go:136: [info] [DEBUG] getEntries: offset==2 lastIndex==2
2022/07/25 17:49:10 log.go:137: [info] [DEBUG] getEntries ret from Raftlog.Entries :[{EntryNormal 1 2 [102 111 111] {} [] 0}]
2022/07/25 17:49:10 rawnode.go:178: [info] [DEBUG]soft :{0 StateFollower} {1 StateLeader}
2022/07/25 17:49:10 rawnode.go:179: [info] [DEBUG]hard :{1 1 2 {} [] 0} {1 1 2 {} [] 0}
2022/07/25 17:49:10 log.go:134: [info] [DEBUG]getEntries ro>offset:[{EntryNormal 1 1 [] {} [] 0}]
2022/07/25 17:49:10 log.go:136: [info] [DEBUG] getEntries: offset==1 lastIndex==2
2022/07/25 17:49:10 log.go:137: [info] [DEBUG] getEntries ret from Raftlog.Entries :[{EntryNormal 1 1 [] {} [] 0}]
2022/07/25 17:49:10 rawnode.go:178: [info] [DEBUG]soft :{0 StateFollower} {0 StateFollower}
2022/07/25 17:49:10 rawnode.go:179: [info] [DEBUG]hard :{1 0 1 {} [] 0} {1 0 1 {} [] 0}
2022/07/25 17:49:38 raft.go:647: [info] [DEBUG] INTO Step1 Phase. message: {MsgHup 0 0 0 0 0 [] 0 <nil> false {} [] 0}
2022/07/25 17:49:38 log.go:76: [info] [[DEBUG] INTO 2 Phase.]
2022/07/25 17:49:38 raft.go:451: [info] 	+++[DEBUG] commits[]:[1]
2022/07/25 17:49:38 raft.go:467: [info] 	---[DEBUG] update r.raftlog.committed into : 1
2022/07/25 17:49:38 raft.go:380: [info] [DEBUG] in BecomeLeader lastIndex:0
2022/07/25 17:49:38 raft.go:382: [info] 	[DEBUG] Leader Entries:{EntryNormal 1 1 [] {} [] 0}
2022/07/25 17:49:38 log.go:134: [info] [DEBUG]getEntries ro>offset:[{EntryNormal 1 1 [] {} [] 0}]
2022/07/25 17:49:38 log.go:136: [info] [DEBUG] getEntries: offset==1 lastIndex==1
2022/07/25 17:49:38 log.go:137: [info] [DEBUG] getEntries ret from Raftlog.Entries :[{EntryNormal 1 1 [] {} [] 0}]
2022/07/25 17:49:38 log.go:134: [info] [DEBUG]getEntries ro>offset:[{EntryNormal 1 1 [] {} [] 0}]
2022/07/25 17:49:38 log.go:136: [info] [DEBUG] getEntries: offset==1 lastIndex==1
2022/07/25 17:49:38 log.go:137: [info] [DEBUG] getEntries ret from Raftlog.Entries :[{EntryNormal 1 1 [] {} [] 0}]
2022/07/25 17:49:38 raft.go:647: [info] [DEBUG] INTO Step1 Phase. message: {MsgPropose 0 1 0 0 0 [data:"foo" ] 0 <nil> false {} [] 0}
2022/07/25 17:49:38 log.go:76: [info] [[DEBUG] INTO 2 Phase.]
2022/07/25 17:49:38 log.go:134: [info] [DEBUG]getEntries ro>offset:[{EntryNormal 1 2 [102 111 111] {} [] 0}]
2022/07/25 17:49:38 log.go:136: [info] [DEBUG] getEntries: offset==2 lastIndex==2
2022/07/25 17:49:38 log.go:137: [info] [DEBUG] getEntries ret from Raftlog.Entries :[{EntryNormal 1 2 [102 111 111] {} [] 0}]
2022/07/25 17:49:38 log.go:134: [info] [DEBUG]getEntries ro>offset:[{EntryNormal 1 2 [102 111 111] {} [] 0}]
2022/07/25 17:49:38 log.go:136: [info] [DEBUG] getEntries: offset==2 lastIndex==2
2022/07/25 17:49:38 log.go:137: [info] [DEBUG] getEntries ret from Raftlog.Entries :[{EntryNormal 1 2 [102 111 111] {} [] 0}]
2022/07/25 17:49:38 rawnode.go:179: [info] [DEBUG]soft :{1 StateLeader} {1 StateLeader}
2022/07/25 17:49:38 rawnode.go:180: [info] [DEBUG]hard :{1 1 2 {} [] 0} {1 1 2 {} [] 0}
2022/07/25 17:49:38 log.go:134: [info] [DEBUG]getEntries ro>offset:[{EntryNormal 1 1 [] {} [] 0}]
2022/07/25 17:49:38 log.go:136: [info] [DEBUG] getEntries: offset==1 lastIndex==2
2022/07/25 17:49:38 log.go:137: [info] [DEBUG] getEntries ret from Raftlog.Entries :[{EntryNormal 1 1 [] {} [] 0}]
2022/07/25 17:49:38 rawnode.go:179: [info] [DEBUG]soft :{0 StateFollower} {0 StateFollower}
2022/07/25 17:49:38 rawnode.go:180: [info] [DEBUG]hard :{1 0 1 {} [] 0} {1 0 1 {} [] 0}
2022/07/25 17:49:48 log.go:134: [info] [DEBUG]getEntries ro>offset:[{EntryNormal 1 1 [] {} [] 0}]
2022/07/25 17:49:48 log.go:136: [info] [DEBUG] getEntries: offset==1 lastIndex==2
2022/07/25 17:49:48 log.go:137: [info] [DEBUG] getEntries ret from Raftlog.Entries :[{EntryNormal 1 1 [] {} [] 0}]
2022/07/25 17:49:48 rawnode.go:179: [info] [DEBUG]soft :{0 StateFollower} {0 StateFollower}
2022/07/25 17:49:48 rawnode.go:180: [info] [DEBUG]hard :{1 0 1 {} [] 0} {1 0 1 {} [] 0}
2022/07/25 18:01:16 log.go:134: [info] [DEBUG]getEntries ro>offset:[{EntryNormal 1 1 [] {} [] 0}]
2022/07/25 18:01:16 log.go:136: [info] [DEBUG] getEntries: offset==1 lastIndex==2
2022/07/25 18:01:16 log.go:137: [info] [DEBUG] getEntries ret from Raftlog.Entries :[{EntryNormal 1 1 [] {} [] 0}]
2022/07/25 18:01:16 rawnode.go:180: [info] [DEBUG]soft :{0 StateFollower} {0 StateFollower}
2022/07/25 18:01:16 rawnode.go:181: [info] [DEBUG]hard :{1 0 1 {} [] 0} {1 0 1 {} [] 0}
2022/07/25 18:01:20 raft.go:647: [info] [DEBUG] INTO Step1 Phase. message: {MsgHup 0 0 0 0 0 [] 0 <nil> false {} [] 0}
2022/07/25 18:01:20 log.go:76: [info] [[DEBUG] INTO 2 Phase.]
2022/07/25 18:01:20 raft.go:451: [info] 	+++[DEBUG] commits[]:[1]
2022/07/25 18:01:20 raft.go:467: [info] 	---[DEBUG] update r.raftlog.committed into : 1
2022/07/25 18:01:20 raft.go:380: [info] [DEBUG] in BecomeLeader lastIndex:0
2022/07/25 18:01:20 raft.go:382: [info] 	[DEBUG] Leader Entries:{EntryNormal 1 1 [] {} [] 0}
2022/07/25 18:01:20 log.go:134: [info] [DEBUG]getEntries ro>offset:[{EntryNormal 1 1 [] {} [] 0}]
2022/07/25 18:01:20 log.go:136: [info] [DEBUG] getEntries: offset==1 lastIndex==1
2022/07/25 18:01:20 log.go:137: [info] [DEBUG] getEntries ret from Raftlog.Entries :[{EntryNormal 1 1 [] {} [] 0}]
2022/07/25 18:01:20 log.go:134: [info] [DEBUG]getEntries ro>offset:[{EntryNormal 1 1 [] {} [] 0}]
2022/07/25 18:01:20 log.go:136: [info] [DEBUG] getEntries: offset==1 lastIndex==1
2022/07/25 18:01:20 log.go:137: [info] [DEBUG] getEntries ret from Raftlog.Entries :[{EntryNormal 1 1 [] {} [] 0}]
2022/07/25 18:01:20 raft.go:647: [info] [DEBUG] INTO Step1 Phase. message: {MsgPropose 0 1 0 0 0 [data:"foo" ] 0 <nil> false {} [] 0}
2022/07/25 18:01:20 log.go:76: [info] [[DEBUG] INTO 2 Phase.]
2022/07/25 18:01:20 log.go:134: [info] [DEBUG]getEntries ro>offset:[{EntryNormal 1 2 [102 111 111] {} [] 0}]
2022/07/25 18:01:20 log.go:136: [info] [DEBUG] getEntries: offset==2 lastIndex==2
2022/07/25 18:01:20 log.go:137: [info] [DEBUG] getEntries ret from Raftlog.Entries :[{EntryNormal 1 2 [102 111 111] {} [] 0}]
2022/07/25 18:01:20 log.go:134: [info] [DEBUG]getEntries ro>offset:[{EntryNormal 1 2 [102 111 111] {} [] 0}]
2022/07/25 18:01:20 log.go:136: [info] [DEBUG] getEntries: offset==2 lastIndex==2
2022/07/25 18:01:20 log.go:137: [info] [DEBUG] getEntries ret from Raftlog.Entries :[{EntryNormal 1 2 [102 111 111] {} [] 0}]
2022/07/25 18:01:20 rawnode.go:180: [info] [DEBUG]soft :{1 StateLeader} {1 StateLeader}
2022/07/25 18:01:20 rawnode.go:181: [info] [DEBUG]hard :{1 1 2 {} [] 0} {1 1 2 {} [] 0}
2022/07/25 18:01:20 log.go:134: [info] [DEBUG]getEntries ro>offset:[{EntryNormal 1 1 [] {} [] 0}]
2022/07/25 18:01:20 log.go:136: [info] [DEBUG] getEntries: offset==1 lastIndex==2
2022/07/25 18:01:20 log.go:137: [info] [DEBUG] getEntries ret from Raftlog.Entries :[{EntryNormal 1 1 [] {} [] 0}]
2022/07/25 18:01:20 rawnode.go:180: [info] [DEBUG]soft :{0 StateFollower} {0 StateFollower}
2022/07/25 18:01:20 rawnode.go:181: [info] [DEBUG]hard :{1 0 1 {} [] 0} {1 0 1 {} [] 0}
